2022-02-01T12:20:52.802+0530 INFO Starting LpsInspectionApplication using Java 1.8.0_271 on DESKTOP-PUJTA74 with PID 15784 (C:\Users\gopa0\sathish\backend\Cape-Electric-LPS-BackEnd\target\classes started by capeelectricsoftware in C:\Users\gopa0\sathish\backend\Cape-Electric-LPS-BackEnd)
2022-02-01T12:20:52.805+0530 DEBUG Running with Spring Boot v2.5.5, Spring v5.3.10
2022-02-01T12:20:52.806+0530 INFO No active profile set, falling back to default profiles: default
2022-02-01T12:20:59.958+0530 DEBUG Filter 'jwtRequestFilter' configured for use
2022-02-01T12:21:03.260+0530 INFO Started LpsInspectionApplication in 10.986 seconds (JVM running for 20.707)
2022-02-04T16:27:12.451+0530 INFO testAddAirTerminationLpsDetails Function Started
2022-02-04T16:27:12.477+0530 INFO called addAirTerminationLpsDetails function UserName: Inspector@gmail.com
2022-02-04T16:27:12.519+0530 INFO testAddAirTerminationLpsDetails Function Ended
2022-02-04T16:27:12.542+0530 INFO testAddAirTerminationLpsDetails Function Started
2022-02-04T16:27:12.545+0530 INFO called retrieveAirTerminationLpsDetails function UserName: LVsystem@gmail.com, basicLpsId : 12
2022-02-04T16:27:12.551+0530 INFO testAddAirTerminationLpsDetails Function Ended
2022-02-04T16:27:12.557+0530 INFO testUpdateAirTerminationLps Function Started
2022-02-04T16:27:12.557+0530 INFO called updateAirTerminationLps function UserName : Inspector@gmail.com,BasicLpsId : 1,LpsAirDescId : null
2022-02-04T16:27:12.558+0530 INFO testUpdateAirTerminationLps Function Ended
2022-02-04T16:27:12.670+0530 INFO testUpdateBasicLpsDetails Function Started
2022-02-04T16:27:12.672+0530 INFO called updateBasicLpsDetails function UserName : LVsystem@gmail.com,BasicLpsId : 1
2022-02-04T16:27:12.673+0530 INFO testUpdateBasicLpsDetails Function Ended
2022-02-04T16:27:12.682+0530 INFO testAddBasicLpsDetails Function Started
2022-02-04T16:27:12.683+0530 INFO called addBasicLpsDetails function UserName : LVsystem@gmail.com
2022-02-04T16:27:12.689+0530 INFO called retrieveBasicLpsDetails function UserName: LVsystem@gmail.com, basicLpsId : 12
2022-02-04T16:27:12.689+0530 INFO testRetrieveBasicLpsDetails Function Ended
2022-02-04T16:27:12.749+0530 INFO testRetrieveDownConductor Function Started
2022-02-04T16:27:12.750+0530 INFO started retrieveDownConductor function UserName : LVsystem@gmail.com, SiteId : 12
2022-02-04T16:27:12.750+0530 INFO testRetrieveDownConductor Function Ended
2022-02-04T16:27:12.760+0530 INFO testUpdateDownConductor Function Started
2022-02-04T16:27:12.760+0530 INFO called updateDownConductor function UserName : Inspector@gmail.com,BasicLpsId : 1,DownConductorDescId : null
2022-02-04T16:27:12.761+0530 INFO testUpdateDownConductor Function Ended
2022-02-04T16:27:12.774+0530 INFO testAddDownConductorsDetails Function Started
2022-02-04T16:27:12.776+0530 INFO called addDownConductors function UserName : Inspector@gmail.com, SiteId : 1
2022-02-04T16:27:12.776+0530 INFO testAddDownConductorsDetails Function Ended
2022-02-04T16:27:12.824+0530 INFO testRetrieveEarthingLpsDetails Function Started
2022-02-04T16:27:12.825+0530 INFO started retrieveEarthingLps function UserName : LVsystem@gmail.com, BasicLpsId : 12
2022-02-04T16:27:12.825+0530 INFO testRetrieveEarthingLpsDetails Function Ended
2022-02-04T16:27:12.831+0530 INFO testAddEarthingLpsDetails Function Started
2022-02-04T16:27:12.832+0530 INFO called addEarthingLps function UserName : Inspector@gmail.com, BasicLpsId : 1
2022-02-04T16:27:12.832+0530 INFO testAddEarthingLpsDetails Function Ended
2022-02-04T16:27:12.837+0530 INFO testUpdateEarthingLpsDetails Function Started
2022-02-04T16:27:12.838+0530 INFO called updateEarthingLps function UserName : Inspector@gmail.com,BasicLpsId : 1,EarthingLpsDescId : null
2022-02-04T16:27:12.838+0530 INFO testUpdateEarthingLpsDetails Function Ended
2022-02-04T16:27:12.898+0530 INFO testAddEarthStudDetails Function Started
2022-02-04T16:27:12.898+0530 INFO called addEarthStud function UserName : Inspector@gmail.com, BasicLpsId : 1
2022-02-04T16:27:12.899+0530 INFO testAddEarthStudDetails Function Ended
2022-02-04T16:27:12.906+0530 INFO testRetrieveEarthStudDetails Function Started
2022-02-04T16:27:12.907+0530 INFO started retrieveEarthStud function UserName : LVsystem@gmail.com, BasicLpsId : 12
2022-02-04T16:27:12.907+0530 INFO testRetrieveEarthStudDetails Function Ended
2022-02-04T16:27:12.915+0530 INFO testUpdateEarthStud Function Started
2022-02-04T16:27:12.915+0530 INFO called updateEarthStud function UserName : Inspector@gmail.com,BasicLpsId : 1,SeperationDistanceDescId : null
2022-02-04T16:27:12.915+0530 INFO testUpdateEarthStud Function Ended
2022-02-04T16:27:12.958+0530 INFO testAddSeperationDistance Function Started
2022-02-04T16:27:12.959+0530 INFO called addSeperationDistance function UserName : Inspector@gmail.com, BasicLpsId : 1
2022-02-04T16:27:12.960+0530 INFO testAddSeperationDistance Function Ended
2022-02-04T16:27:12.967+0530 INFO testRetrieveSPDDetails Function Started
2022-02-04T16:27:12.967+0530 INFO started retrieveSeperationDistance function UserName : LVsystem@gmail.com, SiteId : 12
2022-02-04T16:27:12.968+0530 INFO testRetrieveSPDDetails Function Ended
2022-02-04T16:27:12.974+0530 INFO testUpdateSeperationDetails Function Started
2022-02-04T16:27:12.974+0530 INFO called updateSeperationDistance function UserName : Inspector@gmail.com,BasicLpsId : 1,SeperationDistanceDescId : null
2022-02-04T16:27:12.975+0530 INFO testUpdateSeperationDetails Function Ended
2022-02-04T16:27:13.011+0530 INFO testUpdateSPD Function Started
2022-02-04T16:27:13.011+0530 INFO called updateEarthingLps function UserName : Inspector@gmail.com,BasicLpsId : 1,SpdId : null
2022-02-04T16:27:13.012+0530 INFO testUpdateSPD Function Ended
2022-02-04T16:27:13.016+0530 INFO testAddSPDDetails Function Started
2022-02-04T16:27:13.017+0530 INFO called addSPDDetails function UserName : Inspector@gmail.com, BasicLpsId : 1
2022-02-04T16:27:13.017+0530 INFO testAddSPDDetails Function Ended
2022-02-04T16:27:13.022+0530 INFO testRetrieveSPDDetails Function Started
2022-02-04T16:27:13.023+0530 INFO started retrieveSPDDetails function UserName : LVsystem@gmail.com, BasicLpsId : 12
2022-02-04T16:27:13.023+0530 INFO testRetrieveSPDDetails Function Ended
2022-02-04T16:27:14.040+0530 INFO Starting LpsInspectionApplicationTests using Java 1.8.0_271 on DESKTOP-PUJTA74 with PID 22044 (started by capeelectricsoftware in C:\Users\gopa0\sathish\backend\Cape-Electric-LPS-BackEnd)
2022-02-04T16:27:14.040+0530 DEBUG Running with Spring Boot v2.5.5, Spring v5.3.10
2022-02-04T16:27:14.041+0530 INFO The following profiles are active: dev
2022-02-04T16:27:24.705+0530 INFO Started LpsInspectionApplicationTests in 11.325 seconds (JVM running for 15.81)
2022-02-04T16:27:25.025+0530 INFO SuccessFlow of Retrieve  AirTerminationLps Obeject
2022-02-04T16:27:25.026+0530 INFO Invalid Input flow
2022-02-04T16:27:25.029+0530 INFO Given UserName & Id doesn't exist in Air Termination LPS Details
2022-02-04T16:27:25.105+0530 DEBUG Basic Client Repo data available
2022-02-04T16:27:25.106+0530 INFO BasicLpsId already Present_flow
2022-02-04T16:27:25.108+0530 DEBUG Basic Client Repo data available
2022-02-04T16:27:25.116+0530 INFO SuccessFlow of Retrieve LpsBasic Obeject
2022-02-04T16:27:25.117+0530 INFO Invalid Input flow
2022-02-04T16:27:25.119+0530 INFO Invalid Input flow
2022-02-04T16:27:25.190+0530 INFO SuccessFlow of Retrieve DownConductorDetails
2022-02-04T16:27:25.190+0530 INFO Invalid Input flow
2022-02-04T16:27:25.204+0530 INFO Invalid Present_flow
2022-02-04T17:09:23.501+0530 INFO testAddAirTerminationLpsDetails Function Started
2022-02-04T17:09:23.525+0530 INFO called addAirTerminationLpsDetails function UserName: Inspector@gmail.com
2022-02-04T17:09:23.571+0530 INFO testAddAirTerminationLpsDetails Function Ended
2022-02-04T17:09:23.597+0530 INFO testAddAirTerminationLpsDetails Function Started
2022-02-04T17:09:23.600+0530 INFO called retrieveAirTerminationLpsDetails function UserName: LVsystem@gmail.com, basicLpsId : 12
2022-02-04T17:09:23.607+0530 INFO testAddAirTerminationLpsDetails Function Ended
2022-02-04T17:09:23.614+0530 INFO testUpdateAirTerminationLps Function Started
2022-02-04T17:09:23.615+0530 INFO called updateAirTerminationLps function UserName : Inspector@gmail.com,BasicLpsId : 1,LpsAirDescId : null
2022-02-04T17:09:23.615+0530 INFO testUpdateAirTerminationLps Function Ended
2022-02-04T17:09:23.709+0530 INFO testUpdateBasicLpsDetails Function Started
2022-02-04T17:09:23.710+0530 INFO called updateBasicLpsDetails function UserName : LVsystem@gmail.com,BasicLpsId : 1
2022-02-04T17:09:23.711+0530 INFO testUpdateBasicLpsDetails Function Ended
2022-02-04T17:09:23.719+0530 INFO testAddBasicLpsDetails Function Started
2022-02-04T17:09:23.719+0530 INFO called addBasicLpsDetails function UserName : LVsystem@gmail.com
2022-02-04T17:09:23.727+0530 INFO called retrieveBasicLpsDetails function UserName: LVsystem@gmail.com, basicLpsId : 12
2022-02-04T17:09:23.728+0530 INFO testRetrieveBasicLpsDetails Function Ended
2022-02-04T17:09:23.784+0530 INFO testRetrieveDownConductor Function Started
2022-02-04T17:09:23.785+0530 INFO started retrieveDownConductor function UserName : LVsystem@gmail.com, SiteId : 12
2022-02-04T17:09:23.786+0530 INFO testRetrieveDownConductor Function Ended
2022-02-04T17:09:23.794+0530 INFO testUpdateDownConductor Function Started
2022-02-04T17:09:23.794+0530 INFO called updateDownConductor function UserName : Inspector@gmail.com,BasicLpsId : 1,DownConductorDescId : null
2022-02-04T17:09:23.795+0530 INFO testUpdateDownConductor Function Ended
2022-02-04T17:09:23.804+0530 INFO testAddDownConductorsDetails Function Started
2022-02-04T17:09:23.805+0530 INFO called addDownConductors function UserName : Inspector@gmail.com, SiteId : 1
2022-02-04T17:09:23.806+0530 INFO testAddDownConductorsDetails Function Ended
2022-02-04T17:09:23.870+0530 INFO testRetrieveEarthingLpsDetails Function Started
2022-02-04T17:09:23.871+0530 INFO started retrieveEarthingLps function UserName : LVsystem@gmail.com, BasicLpsId : 12
2022-02-04T17:09:23.871+0530 INFO testRetrieveEarthingLpsDetails Function Ended
2022-02-04T17:09:23.880+0530 INFO testAddEarthingLpsDetails Function Started
2022-02-04T17:09:23.880+0530 INFO called addEarthingLps function UserName : Inspector@gmail.com, BasicLpsId : 1
2022-02-04T17:09:23.881+0530 INFO testAddEarthingLpsDetails Function Ended
2022-02-04T17:09:23.888+0530 INFO testUpdateEarthingLpsDetails Function Started
2022-02-04T17:09:23.889+0530 INFO called updateEarthingLps function UserName : Inspector@gmail.com,BasicLpsId : 1,EarthingLpsDescId : null
2022-02-04T17:09:23.889+0530 INFO testUpdateEarthingLpsDetails Function Ended
2022-02-04T17:09:23.974+0530 INFO testAddEarthStudDetails Function Started
2022-02-04T17:09:23.975+0530 INFO called addEarthStud function UserName : Inspector@gmail.com, BasicLpsId : 1
2022-02-04T17:09:23.975+0530 INFO testAddEarthStudDetails Function Ended
2022-02-04T17:09:23.985+0530 INFO testRetrieveEarthStudDetails Function Started
2022-02-04T17:09:23.987+0530 INFO started retrieveEarthStud function UserName : LVsystem@gmail.com, BasicLpsId : 12
2022-02-04T17:09:23.987+0530 INFO testRetrieveEarthStudDetails Function Ended
2022-02-04T17:09:23.997+0530 INFO testUpdateEarthStud Function Started
2022-02-04T17:09:23.997+0530 INFO called updateEarthStud function UserName : Inspector@gmail.com,BasicLpsId : 1,SeperationDistanceDescId : null
2022-02-04T17:09:23.998+0530 INFO testUpdateEarthStud Function Ended
2022-02-04T17:09:24.048+0530 INFO testAddSeperationDistance Function Started
2022-02-04T17:09:24.049+0530 INFO called addSeperationDistance function UserName : Inspector@gmail.com, BasicLpsId : 1
2022-02-04T17:09:24.050+0530 INFO testAddSeperationDistance Function Ended
2022-02-04T17:09:24.057+0530 INFO testRetrieveSPDDetails Function Started
2022-02-04T17:09:24.058+0530 INFO started retrieveSeperationDistance function UserName : LVsystem@gmail.com, SiteId : 12
2022-02-04T17:09:24.058+0530 INFO testRetrieveSPDDetails Function Ended
2022-02-04T17:09:24.066+0530 INFO testUpdateSeperationDetails Function Started
2022-02-04T17:09:24.066+0530 INFO called updateSeperationDistance function UserName : Inspector@gmail.com,BasicLpsId : 1,SeperationDistanceDescId : null
2022-02-04T17:09:24.067+0530 INFO testUpdateSeperationDetails Function Ended
2022-02-04T17:09:24.119+0530 INFO testUpdateSPD Function Started
2022-02-04T17:09:24.119+0530 INFO called updateEarthingLps function UserName : Inspector@gmail.com,BasicLpsId : 1,SpdId : null
2022-02-04T17:09:24.120+0530 INFO testUpdateSPD Function Ended
2022-02-04T17:09:24.127+0530 INFO testAddSPDDetails Function Started
2022-02-04T17:09:24.127+0530 INFO called addSPDDetails function UserName : Inspector@gmail.com, BasicLpsId : 1
2022-02-04T17:09:24.128+0530 INFO testAddSPDDetails Function Ended
2022-02-04T17:09:24.134+0530 INFO testRetrieveSPDDetails Function Started
2022-02-04T17:09:24.134+0530 INFO started retrieveSPDDetails function UserName : LVsystem@gmail.com, BasicLpsId : 12
2022-02-04T17:09:24.135+0530 INFO testRetrieveSPDDetails Function Ended
2022-02-04T17:09:25.317+0530 INFO Starting LpsInspectionApplicationTests using Java 1.8.0_271 on DESKTOP-PUJTA74 with PID 16380 (started by capeelectricsoftware in C:\Users\gopa0\sathish\backend\Cape-Electric-LPS-BackEnd)
2022-02-04T17:09:25.318+0530 DEBUG Running with Spring Boot v2.5.5, Spring v5.3.10
2022-02-04T17:09:25.318+0530 INFO The following profiles are active: dev
2022-02-04T17:09:35.152+0530 INFO Started LpsInspectionApplicationTests in 10.229 seconds (JVM running for 14.513)
2022-02-04T17:09:35.360+0530 INFO SuccessFlow of Retrieve  AirTerminationLps Obeject
2022-02-04T17:09:35.361+0530 INFO Invalid Input flow
2022-02-04T17:09:35.362+0530 INFO Given UserName & Id doesn't exist in Air Termination LPS Details
2022-02-04T17:09:35.412+0530 DEBUG Basic Client Repo data available
2022-02-04T17:09:35.413+0530 INFO BasicLpsId already Present_flow
2022-02-04T17:09:35.415+0530 DEBUG Basic Client Repo data available
2022-02-04T17:09:35.426+0530 INFO SuccessFlow of Retrieve LpsBasic Obeject
2022-02-04T17:09:35.426+0530 INFO Invalid Input flow
2022-02-04T17:09:35.427+0530 INFO Invalid Input flow
2022-02-04T17:09:35.484+0530 INFO SuccessFlow of Retrieve DownConductorDetails
2022-02-04T17:09:35.485+0530 INFO Invalid Input flow
2022-02-04T17:09:35.493+0530 INFO Invalid Present_flow
2022-02-07T19:13:31.605+0530 INFO Starting LpsInspectionApplication using Java 1.8.0_271 on DESKTOP-PUJTA74 with PID 16956 (C:\Users\gopa0\sathish\backend\Cape-Electric-LPS-BackEnd\target\classes started by capeelectricsoftware in C:\Users\gopa0\sathish\backend\Cape-Electric-LPS-BackEnd)
2022-02-07T19:13:31.609+0530 DEBUG Running with Spring Boot v2.5.5, Spring v5.3.10
2022-02-07T19:13:31.609+0530 INFO The following profiles are active: dev
2022-02-07T19:30:32.199+0530 INFO Starting LpsInspectionApplication using Java 1.8.0_271 on DESKTOP-PUJTA74 with PID 11640 (C:\Users\gopa0\sathish\backend\Cape-Electric-LPS-BackEnd\target\classes started by capeelectricsoftware in C:\Users\gopa0\sathish\backend\Cape-Electric-LPS-BackEnd)
2022-02-07T19:30:32.202+0530 DEBUG Running with Spring Boot v2.5.5, Spring v5.3.10
2022-02-07T19:30:32.202+0530 INFO No active profile set, falling back to default profiles: default
2022-02-07T19:30:38.248+0530 DEBUG Filter 'jwtRequestFilter' configured for use
2022-02-07T19:30:40.050+0530 INFO Started LpsInspectionApplication in 8.23 seconds (JVM running for 8.842)
2022-02-11T19:11:52.087+0530 INFO Starting LpsInspectionApplication using Java 1.8.0_271 on DESKTOP-PUJTA74 with PID 15476 (C:\Users\gopa0\sathish\backend\Cape-Electric-LPS-BackEnd\target\classes started by capeelectricsoftware in C:\Users\gopa0\sathish\backend\Cape-Electric-LPS-BackEnd)
2022-02-11T19:11:52.090+0530 DEBUG Running with Spring Boot v2.5.5, Spring v5.3.10
2022-02-11T19:11:52.090+0530 INFO No active profile set, falling back to default profiles: default
2022-02-11T19:12:03.149+0530 DEBUG Filter 'jwtRequestFilter' configured for use
2022-02-11T19:12:05.258+0530 INFO Started LpsInspectionApplication in 13.597 seconds (JVM running for 14.285)
2022-02-23T13:12:42.237+0530 INFO testAddAirTerminationLpsDetails Function Started
2022-02-23T13:12:42.257+0530 INFO called addAirTerminationLpsDetails function UserName: Inspector@gmail.com
2022-02-23T13:12:42.296+0530 INFO testAddAirTerminationLpsDetails Function Ended
2022-02-23T13:12:42.319+0530 INFO testAddAirTerminationLpsDetails Function Started
2022-02-23T13:12:42.321+0530 INFO called retrieveAirTerminationLpsDetails function UserName: LVsystem@gmail.com, basicLpsId : 12
2022-02-23T13:12:42.328+0530 INFO testAddAirTerminationLpsDetails Function Ended
2022-02-23T13:12:42.333+0530 INFO testUpdateAirTerminationLps Function Started
2022-02-23T13:12:42.334+0530 INFO called updateAirTerminationLps function UserName : Inspector@gmail.com,BasicLpsId : 1,LpsAirDescId : null
2022-02-23T13:12:42.334+0530 INFO testUpdateAirTerminationLps Function Ended
2022-02-23T13:12:42.437+0530 INFO testUpdateBasicLpsDetails Function Started
2022-02-23T13:12:42.438+0530 INFO called updateBasicLpsDetails function UserName : LVsystem@gmail.com,BasicLpsId : 1
2022-02-23T13:12:42.440+0530 INFO testUpdateBasicLpsDetails Function Ended
2022-02-23T13:12:42.450+0530 INFO testAddBasicLpsDetails Function Started
2022-02-23T13:12:42.450+0530 INFO called addBasicLpsDetails function UserName : LVsystem@gmail.com
2022-02-23T13:12:42.456+0530 INFO called retrieveBasicLpsDetails function UserName: LVsystem@gmail.com, basicLpsId : 12
2022-02-23T13:12:42.457+0530 INFO testRetrieveBasicLpsDetails Function Ended
2022-02-23T13:12:42.510+0530 INFO testRetrieveDownConductor Function Started
2022-02-23T13:12:42.512+0530 INFO started retrieveDownConductor function UserName : LVsystem@gmail.com, SiteId : 12
2022-02-23T13:12:42.512+0530 INFO testRetrieveDownConductor Function Ended
2022-02-23T13:12:42.520+0530 INFO testUpdateDownConductor Function Started
2022-02-23T13:12:42.520+0530 INFO called updateDownConductor function UserName : Inspector@gmail.com,BasicLpsId : 1,DownConductorDescId : null
2022-02-23T13:12:42.521+0530 INFO testUpdateDownConductor Function Ended
2022-02-23T13:12:42.528+0530 INFO testAddDownConductorsDetails Function Started
2022-02-23T13:12:42.529+0530 INFO called addDownConductors function UserName : Inspector@gmail.com, SiteId : 1
2022-02-23T13:12:42.530+0530 INFO testAddDownConductorsDetails Function Ended
2022-02-23T13:12:42.585+0530 INFO testRetrieveEarthingLpsDetails Function Started
2022-02-23T13:12:42.586+0530 INFO started retrieveEarthingLps function UserName : LVsystem@gmail.com, BasicLpsId : 12
2022-02-23T13:12:42.587+0530 INFO testRetrieveEarthingLpsDetails Function Ended
2022-02-23T13:12:42.594+0530 INFO testAddEarthingLpsDetails Function Started
2022-02-23T13:12:42.595+0530 INFO called addEarthingLps function UserName : Inspector@gmail.com, BasicLpsId : 1
2022-02-23T13:12:42.596+0530 INFO testAddEarthingLpsDetails Function Ended
2022-02-23T13:12:42.602+0530 INFO testUpdateEarthingLpsDetails Function Started
2022-02-23T13:12:42.602+0530 INFO called updateEarthingLps function UserName : Inspector@gmail.com,BasicLpsId : 1,EarthingLpsDescId : null
2022-02-23T13:12:42.603+0530 INFO testUpdateEarthingLpsDetails Function Ended
2022-02-23T13:12:42.668+0530 INFO testAddEarthStudDetails Function Started
2022-02-23T13:12:42.669+0530 INFO called addEarthStud function UserName : Inspector@gmail.com, BasicLpsId : 1
2022-02-23T13:12:42.670+0530 INFO testAddEarthStudDetails Function Ended
2022-02-23T13:12:42.676+0530 INFO testRetrieveEarthStudDetails Function Started
2022-02-23T13:12:42.676+0530 INFO started retrieveEarthStud function UserName : LVsystem@gmail.com, BasicLpsId : 12
2022-02-23T13:12:42.677+0530 INFO testRetrieveEarthStudDetails Function Ended
2022-02-23T13:12:42.685+0530 INFO testUpdateEarthStud Function Started
2022-02-23T13:12:42.685+0530 INFO called updateEarthStud function UserName : Inspector@gmail.com,BasicLpsId : 1,SeperationDistanceDescId : null
2022-02-23T13:12:42.685+0530 INFO testUpdateEarthStud Function Ended
2022-02-23T13:12:42.727+0530 INFO testAddSeperationDistance Function Started
2022-02-23T13:12:42.727+0530 INFO called addSeperationDistance function UserName : Inspector@gmail.com, BasicLpsId : 1
2022-02-23T13:12:42.728+0530 INFO testAddSeperationDistance Function Ended
2022-02-23T13:12:42.733+0530 INFO testRetrieveSPDDetails Function Started
2022-02-23T13:12:42.734+0530 INFO started retrieveSeperationDistance function UserName : LVsystem@gmail.com, SiteId : 12
2022-02-23T13:12:42.734+0530 INFO testRetrieveSPDDetails Function Ended
2022-02-23T13:12:42.741+0530 INFO testUpdateSeperationDetails Function Started
2022-02-23T13:12:42.742+0530 INFO called updateSeperationDistance function UserName : Inspector@gmail.com,BasicLpsId : 1,SeperationDistanceDescId : null
2022-02-23T13:12:42.742+0530 INFO testUpdateSeperationDetails Function Ended
2022-02-23T13:12:42.785+0530 INFO testUpdateSPD Function Started
2022-02-23T13:12:42.785+0530 INFO called updateEarthingLps function UserName : Inspector@gmail.com,BasicLpsId : 1,SpdId : null
2022-02-23T13:12:42.785+0530 INFO testUpdateSPD Function Ended
2022-02-23T13:12:42.790+0530 INFO testAddSPDDetails Function Started
2022-02-23T13:12:42.790+0530 INFO called addSPDDetails function UserName : Inspector@gmail.com, BasicLpsId : 1
2022-02-23T13:12:42.790+0530 INFO testAddSPDDetails Function Ended
2022-02-23T13:12:42.795+0530 INFO testRetrieveSPDDetails Function Started
2022-02-23T13:12:42.796+0530 INFO started retrieveSPDDetails function UserName : LVsystem@gmail.com, BasicLpsId : 12
2022-02-23T13:12:42.796+0530 INFO testRetrieveSPDDetails Function Ended
2022-02-23T13:12:43.466+0530 INFO Starting LpsInspectionApplicationTests using Java 1.8.0_271 on DESKTOP-PUJTA74 with PID 4452 (started by capeelectricsoftware in C:\Users\gopa0\sathish\backend\Cape-Electric-LPS-BackEnd)
2022-02-23T13:12:43.467+0530 DEBUG Running with Spring Boot v2.5.5, Spring v5.3.10
2022-02-23T13:12:43.470+0530 INFO No active profile set, falling back to default profiles: default
2022-02-23T13:13:14.506+0530 INFO testAddAirTerminationLpsDetails Function Started
2022-02-23T13:13:14.526+0530 INFO called addAirTerminationLpsDetails function UserName: Inspector@gmail.com
2022-02-23T13:13:14.556+0530 INFO testAddAirTerminationLpsDetails Function Ended
2022-02-23T13:13:14.594+0530 INFO testAddAirTerminationLpsDetails Function Started
2022-02-23T13:13:14.597+0530 INFO called retrieveAirTerminationLpsDetails function UserName: LVsystem@gmail.com, basicLpsId : 12
2022-02-23T13:13:14.607+0530 INFO testAddAirTerminationLpsDetails Function Ended
2022-02-23T13:13:14.617+0530 INFO testUpdateAirTerminationLps Function Started
2022-02-23T13:13:14.617+0530 INFO called updateAirTerminationLps function UserName : Inspector@gmail.com,BasicLpsId : 1,LpsAirDescId : null
2022-02-23T13:13:14.618+0530 INFO testUpdateAirTerminationLps Function Ended
2022-02-23T13:13:14.733+0530 INFO testUpdateBasicLpsDetails Function Started
2022-02-23T13:13:14.733+0530 INFO called updateBasicLpsDetails function UserName : LVsystem@gmail.com,BasicLpsId : 1
2022-02-23T13:13:14.734+0530 INFO testUpdateBasicLpsDetails Function Ended
2022-02-23T13:13:14.743+0530 INFO testAddBasicLpsDetails Function Started
2022-02-23T13:13:14.743+0530 INFO called addBasicLpsDetails function UserName : LVsystem@gmail.com
2022-02-23T13:13:14.750+0530 INFO called retrieveBasicLpsDetails function UserName: LVsystem@gmail.com, basicLpsId : 12
2022-02-23T13:13:14.750+0530 INFO testRetrieveBasicLpsDetails Function Ended
2022-02-23T13:13:14.806+0530 INFO testRetrieveDownConductor Function Started
2022-02-23T13:13:14.806+0530 INFO started retrieveDownConductor function UserName : LVsystem@gmail.com, SiteId : 12
2022-02-23T13:13:14.807+0530 INFO testRetrieveDownConductor Function Ended
2022-02-23T13:13:14.813+0530 INFO testUpdateDownConductor Function Started
2022-02-23T13:13:14.813+0530 INFO called updateDownConductor function UserName : Inspector@gmail.com,BasicLpsId : 1,DownConductorDescId : null
2022-02-23T13:13:14.814+0530 INFO testUpdateDownConductor Function Ended
2022-02-23T13:13:14.821+0530 INFO testAddDownConductorsDetails Function Started
2022-02-23T13:13:14.822+0530 INFO called addDownConductors function UserName : Inspector@gmail.com, SiteId : 1
2022-02-23T13:13:14.823+0530 INFO testAddDownConductorsDetails Function Ended
2022-02-23T13:13:14.880+0530 INFO testRetrieveEarthingLpsDetails Function Started
2022-02-23T13:13:14.881+0530 INFO started retrieveEarthingLps function UserName : LVsystem@gmail.com, BasicLpsId : 12
2022-02-23T13:13:14.882+0530 INFO testRetrieveEarthingLpsDetails Function Ended
2022-02-23T13:13:14.890+0530 INFO testAddEarthingLpsDetails Function Started
2022-02-23T13:13:14.891+0530 INFO called addEarthingLps function UserName : Inspector@gmail.com, BasicLpsId : 1
2022-02-23T13:13:14.892+0530 INFO testAddEarthingLpsDetails Function Ended
2022-02-23T13:13:14.900+0530 INFO testUpdateEarthingLpsDetails Function Started
2022-02-23T13:13:14.901+0530 INFO called updateEarthingLps function UserName : Inspector@gmail.com,BasicLpsId : 1,EarthingLpsDescId : null
2022-02-23T13:13:14.902+0530 INFO testUpdateEarthingLpsDetails Function Ended
2022-02-23T13:13:14.969+0530 INFO testAddEarthStudDetails Function Started
2022-02-23T13:13:14.970+0530 INFO called addEarthStud function UserName : Inspector@gmail.com, BasicLpsId : 1
2022-02-23T13:13:14.971+0530 INFO testAddEarthStudDetails Function Ended
2022-02-23T13:13:14.977+0530 INFO testRetrieveEarthStudDetails Function Started
2022-02-23T13:13:14.978+0530 INFO started retrieveEarthStud function UserName : LVsystem@gmail.com, BasicLpsId : 12
2022-02-23T13:13:14.979+0530 INFO testRetrieveEarthStudDetails Function Ended
2022-02-23T13:13:14.985+0530 INFO testUpdateEarthStud Function Started
2022-02-23T13:13:14.986+0530 INFO called updateEarthStud function UserName : Inspector@gmail.com,BasicLpsId : 1,SeperationDistanceDescId : null
2022-02-23T13:13:14.986+0530 INFO testUpdateEarthStud Function Ended
2022-02-23T13:13:15.041+0530 INFO testAddSeperationDistance Function Started
2022-02-23T13:13:15.042+0530 INFO called addSeperationDistance function UserName : Inspector@gmail.com, BasicLpsId : 1
2022-02-23T13:13:15.043+0530 INFO testAddSeperationDistance Function Ended
2022-02-23T13:13:15.050+0530 INFO testRetrieveSPDDetails Function Started
2022-02-23T13:13:15.050+0530 INFO started retrieveSeperationDistance function UserName : LVsystem@gmail.com, SiteId : 12
2022-02-23T13:13:15.051+0530 INFO testRetrieveSPDDetails Function Ended
2022-02-23T13:13:15.057+0530 INFO testUpdateSeperationDetails Function Started
2022-02-23T13:13:15.058+0530 INFO called updateSeperationDistance function UserName : Inspector@gmail.com,BasicLpsId : 1,SeperationDistanceDescId : null
2022-02-23T13:13:15.058+0530 INFO testUpdateSeperationDetails Function Ended
2022-02-23T13:13:15.109+0530 INFO testUpdateSPD Function Started
2022-02-23T13:13:15.110+0530 INFO called updateEarthingLps function UserName : Inspector@gmail.com,BasicLpsId : 1,SpdId : null
2022-02-23T13:13:15.110+0530 INFO testUpdateSPD Function Ended
2022-02-23T13:13:15.133+0530 INFO testAddSPDDetails Function Started
2022-02-23T13:13:15.134+0530 INFO called addSPDDetails function UserName : Inspector@gmail.com, BasicLpsId : 1
2022-02-23T13:13:15.135+0530 INFO testAddSPDDetails Function Ended
2022-02-23T13:13:15.142+0530 INFO testRetrieveSPDDetails Function Started
2022-02-23T13:13:15.143+0530 INFO started retrieveSPDDetails function UserName : LVsystem@gmail.com, BasicLpsId : 12
2022-02-23T13:13:15.144+0530 INFO testRetrieveSPDDetails Function Ended
2022-02-23T13:13:16.372+0530 INFO Starting LpsInspectionApplicationTests using Java 1.8.0_271 on DESKTOP-PUJTA74 with PID 19508 (started by capeelectricsoftware in C:\Users\gopa0\sathish\backend\Cape-Electric-LPS-BackEnd)
2022-02-23T13:13:16.373+0530 DEBUG Running with Spring Boot v2.5.5, Spring v5.3.10
2022-02-23T13:13:16.373+0530 INFO The following profiles are active: dev
2022-02-23T13:13:27.751+0530 INFO Started LpsInspectionApplicationTests in 11.988 seconds (JVM running for 16.155)
2022-02-23T13:13:27.977+0530 INFO SuccessFlow of Retrieve  AirTerminationLps Obeject
2022-02-23T13:13:27.978+0530 INFO Invalid Input flow
2022-02-23T13:13:27.982+0530 INFO Given UserName & Id doesn't exist in Air Termination LPS Details
2022-02-23T13:13:28.068+0530 DEBUG Basic Client Repo data available
2022-02-23T13:13:28.069+0530 INFO BasicLpsId already Present_flow
2022-02-23T13:13:28.073+0530 DEBUG Basic Client Repo data available
2022-02-23T13:13:28.082+0530 INFO SuccessFlow of Retrieve LpsBasic Obeject
2022-02-23T13:13:28.082+0530 INFO Invalid Input flow
2022-02-23T13:13:28.084+0530 INFO Invalid Input flow
2022-02-23T13:13:28.144+0530 INFO SuccessFlow of Retrieve DownConductorDetails
2022-02-23T13:13:28.146+0530 INFO Invalid Input flow
2022-02-23T13:13:28.161+0530 INFO Invalid Present_flow
2022-02-23T13:14:33.373+0530 INFO testAddAirTerminationLpsDetails Function Started
2022-02-23T13:14:33.403+0530 INFO called addAirTerminationLpsDetails function UserName: Inspector@gmail.com
2022-02-23T13:14:33.458+0530 INFO testAddAirTerminationLpsDetails Function Ended
2022-02-23T13:14:33.501+0530 INFO testAddAirTerminationLpsDetails Function Started
2022-02-23T13:14:33.505+0530 INFO called retrieveAirTerminationLpsDetails function UserName: LVsystem@gmail.com, basicLpsId : 12
2022-02-23T13:14:33.516+0530 INFO testAddAirTerminationLpsDetails Function Ended
2022-02-23T13:14:33.525+0530 INFO testUpdateAirTerminationLps Function Started
2022-02-23T13:14:33.525+0530 INFO called updateAirTerminationLps function UserName : Inspector@gmail.com,BasicLpsId : 1,LpsAirDescId : null
2022-02-23T13:14:33.526+0530 INFO testUpdateAirTerminationLps Function Ended
2022-02-23T13:14:33.682+0530 INFO testUpdateBasicLpsDetails Function Started
2022-02-23T13:14:33.683+0530 INFO called updateBasicLpsDetails function UserName : LVsystem@gmail.com,BasicLpsId : 1
2022-02-23T13:14:33.684+0530 INFO testUpdateBasicLpsDetails Function Ended
2022-02-23T13:14:33.691+0530 INFO testAddBasicLpsDetails Function Started
2022-02-23T13:14:33.691+0530 INFO called addBasicLpsDetails function UserName : LVsystem@gmail.com
2022-02-23T13:14:33.701+0530 INFO called retrieveBasicLpsDetails function UserName: LVsystem@gmail.com, basicLpsId : 12
2022-02-23T13:14:33.702+0530 INFO testRetrieveBasicLpsDetails Function Ended
2022-02-23T13:14:33.779+0530 INFO testRetrieveDownConductor Function Started
2022-02-23T13:14:33.779+0530 INFO started retrieveDownConductor function UserName : LVsystem@gmail.com, SiteId : 12
2022-02-23T13:14:33.780+0530 INFO testRetrieveDownConductor Function Ended
2022-02-23T13:14:33.787+0530 INFO testUpdateDownConductor Function Started
2022-02-23T13:14:33.787+0530 INFO called updateDownConductor function UserName : Inspector@gmail.com,BasicLpsId : 1,DownConductorDescId : null
2022-02-23T13:14:33.787+0530 INFO testUpdateDownConductor Function Ended
2022-02-23T13:14:33.794+0530 INFO testAddDownConductorsDetails Function Started
2022-02-23T13:14:33.795+0530 INFO called addDownConductors function UserName : Inspector@gmail.com, SiteId : 1
2022-02-23T13:14:33.796+0530 INFO testAddDownConductorsDetails Function Ended
2022-02-23T13:14:33.857+0530 INFO testRetrieveEarthingLpsDetails Function Started
2022-02-23T13:14:33.858+0530 INFO started retrieveEarthingLps function UserName : LVsystem@gmail.com, BasicLpsId : 12
2022-02-23T13:14:33.859+0530 INFO testRetrieveEarthingLpsDetails Function Ended
2022-02-23T13:14:33.865+0530 INFO testAddEarthingLpsDetails Function Started
2022-02-23T13:14:33.866+0530 INFO called addEarthingLps function UserName : Inspector@gmail.com, BasicLpsId : 1
2022-02-23T13:14:33.866+0530 INFO testAddEarthingLpsDetails Function Ended
2022-02-23T13:14:33.872+0530 INFO testUpdateEarthingLpsDetails Function Started
2022-02-23T13:14:33.872+0530 INFO called updateEarthingLps function UserName : Inspector@gmail.com,BasicLpsId : 1,EarthingLpsDescId : null
2022-02-23T13:14:33.873+0530 INFO testUpdateEarthingLpsDetails Function Ended
2022-02-23T13:14:33.930+0530 INFO testAddEarthStudDetails Function Started
2022-02-23T13:14:33.931+0530 INFO called addEarthStud function UserName : Inspector@gmail.com, BasicLpsId : 1
2022-02-23T13:14:33.931+0530 INFO testAddEarthStudDetails Function Ended
2022-02-23T13:14:33.937+0530 INFO testRetrieveEarthStudDetails Function Started
2022-02-23T13:14:33.938+0530 INFO started retrieveEarthStud function UserName : LVsystem@gmail.com, BasicLpsId : 12
2022-02-23T13:14:33.938+0530 INFO testRetrieveEarthStudDetails Function Ended
2022-02-23T13:14:33.944+0530 INFO testUpdateEarthStud Function Started
2022-02-23T13:14:33.944+0530 INFO called updateEarthStud function UserName : Inspector@gmail.com,BasicLpsId : 1,SeperationDistanceDescId : null
2022-02-23T13:14:33.945+0530 INFO testUpdateEarthStud Function Ended
2022-02-23T13:14:33.989+0530 INFO testAddSeperationDistance Function Started
2022-02-23T13:14:33.989+0530 INFO called addSeperationDistance function UserName : Inspector@gmail.com, BasicLpsId : 1
2022-02-23T13:14:33.990+0530 INFO testAddSeperationDistance Function Ended
2022-02-23T13:14:33.998+0530 INFO testRetrieveSPDDetails Function Started
2022-02-23T13:14:33.999+0530 INFO started retrieveSeperationDistance function UserName : LVsystem@gmail.com, SiteId : 12
2022-02-23T13:14:33.999+0530 INFO testRetrieveSPDDetails Function Ended
2022-02-23T13:14:34.006+0530 INFO testUpdateSeperationDetails Function Started
2022-02-23T13:14:34.006+0530 INFO called updateSeperationDistance function UserName : Inspector@gmail.com,BasicLpsId : 1,SeperationDistanceDescId : null
2022-02-23T13:14:34.007+0530 INFO testUpdateSeperationDetails Function Ended
2022-02-23T13:14:34.047+0530 INFO testUpdateSPD Function Started
2022-02-23T13:14:34.048+0530 INFO called updateEarthingLps function UserName : Inspector@gmail.com,BasicLpsId : 1,SpdId : null
2022-02-23T13:14:34.048+0530 INFO testUpdateSPD Function Ended
2022-02-23T13:14:34.053+0530 INFO testAddSPDDetails Function Started
2022-02-23T13:14:34.053+0530 INFO called addSPDDetails function UserName : Inspector@gmail.com, BasicLpsId : 1
2022-02-23T13:14:34.054+0530 INFO testAddSPDDetails Function Ended
2022-02-23T13:14:34.058+0530 INFO testRetrieveSPDDetails Function Started
2022-02-23T13:14:34.059+0530 INFO started retrieveSPDDetails function UserName : LVsystem@gmail.com, BasicLpsId : 12
2022-02-23T13:14:34.059+0530 INFO testRetrieveSPDDetails Function Ended
2022-02-23T13:14:34.665+0530 INFO Starting LpsInspectionApplicationTests using Java 1.8.0_271 on DESKTOP-PUJTA74 with PID 19560 (started by capeelectricsoftware in C:\Users\gopa0\sathish\backend\Cape-Electric-LPS-BackEnd)
2022-02-23T13:14:34.665+0530 DEBUG Running with Spring Boot v2.5.5, Spring v5.3.10
2022-02-23T13:14:34.666+0530 INFO The following profiles are active: dev
2022-02-23T13:14:47.104+0530 INFO Started LpsInspectionApplicationTests in 12.68 seconds (JVM running for 16.487)
2022-02-23T13:14:47.374+0530 INFO SuccessFlow of Retrieve  AirTerminationLps Obeject
2022-02-23T13:14:47.375+0530 INFO Invalid Input flow
2022-02-23T13:14:47.377+0530 INFO Given UserName & Id doesn't exist in Air Termination LPS Details
2022-02-23T13:14:47.458+0530 DEBUG Basic Client Repo data available
2022-02-23T13:14:47.459+0530 INFO BasicLpsId already Present_flow
2022-02-23T13:14:47.461+0530 DEBUG Basic Client Repo data available
2022-02-23T13:14:47.467+0530 INFO SuccessFlow of Retrieve LpsBasic Obeject
2022-02-23T13:14:47.468+0530 INFO Invalid Input flow
2022-02-23T13:14:47.470+0530 INFO Invalid Input flow
2022-02-23T13:14:47.512+0530 INFO SuccessFlow of Retrieve DownConductorDetails
2022-02-23T13:14:47.512+0530 INFO Invalid Input flow
2022-02-23T13:14:47.521+0530 INFO Invalid Present_flow
2022-02-23T14:03:57.405+0530 INFO testAddAirTerminationLpsDetails Function Started
2022-02-23T14:03:57.423+0530 INFO called addAirTerminationLpsDetails function UserName: Inspector@gmail.com
2022-02-23T14:03:57.465+0530 INFO testAddAirTerminationLpsDetails Function Ended
2022-02-23T14:03:57.489+0530 INFO testAddAirTerminationLpsDetails Function Started
2022-02-23T14:03:57.492+0530 INFO called retrieveAirTerminationLpsDetails function UserName: LVsystem@gmail.com, basicLpsId : 12
2022-02-23T14:03:57.499+0530 INFO testAddAirTerminationLpsDetails Function Ended
2022-02-23T14:03:57.507+0530 INFO testUpdateAirTerminationLps Function Started
2022-02-23T14:03:57.508+0530 INFO called updateAirTerminationLps function UserName : Inspector@gmail.com,BasicLpsId : 1,LpsAirDescId : null
2022-02-23T14:03:57.509+0530 INFO testUpdateAirTerminationLps Function Ended
2022-02-23T14:03:57.625+0530 INFO testUpdateBasicLpsDetails Function Started
2022-02-23T14:03:57.626+0530 INFO called updateBasicLpsDetails function UserName : LVsystem@gmail.com,BasicLpsId : 1
2022-02-23T14:03:57.627+0530 INFO testUpdateBasicLpsDetails Function Ended
2022-02-23T14:03:57.634+0530 INFO testAddBasicLpsDetails Function Started
2022-02-23T14:03:57.634+0530 INFO called addBasicLpsDetails function UserName : LVsystem@gmail.com
2022-02-23T14:03:57.638+0530 INFO called retrieveBasicLpsDetails function UserName: LVsystem@gmail.com, basicLpsId : 12
2022-02-23T14:03:57.640+0530 INFO testRetrieveBasicLpsDetails Function Ended
2022-02-23T14:03:57.687+0530 INFO testRetrieveDownConductor Function Started
2022-02-23T14:03:57.688+0530 INFO started retrieveDownConductor function UserName : LVsystem@gmail.com, SiteId : 12
2022-02-23T14:03:57.688+0530 INFO testRetrieveDownConductor Function Ended
2022-02-23T14:03:57.694+0530 INFO testUpdateDownConductor Function Started
2022-02-23T14:03:57.694+0530 INFO called updateDownConductor function UserName : Inspector@gmail.com,BasicLpsId : 1,DownConductorDescId : null
2022-02-23T14:03:57.695+0530 INFO testUpdateDownConductor Function Ended
2022-02-23T14:03:57.704+0530 INFO testAddDownConductorsDetails Function Started
2022-02-23T14:03:57.704+0530 INFO called addDownConductors function UserName : Inspector@gmail.com, SiteId : 1
2022-02-23T14:03:57.705+0530 INFO testAddDownConductorsDetails Function Ended
2022-02-23T14:03:57.750+0530 INFO testRetrieveEarthingLpsDetails Function Started
2022-02-23T14:03:57.750+0530 INFO started retrieveEarthingLps function UserName : LVsystem@gmail.com, BasicLpsId : 12
2022-02-23T14:03:57.751+0530 INFO testRetrieveEarthingLpsDetails Function Ended
2022-02-23T14:03:57.756+0530 INFO testAddEarthingLpsDetails Function Started
2022-02-23T14:03:57.757+0530 INFO called addEarthingLps function UserName : Inspector@gmail.com, BasicLpsId : 1
2022-02-23T14:03:57.757+0530 INFO testAddEarthingLpsDetails Function Ended
2022-02-23T14:03:57.764+0530 INFO testUpdateEarthingLpsDetails Function Started
2022-02-23T14:03:57.765+0530 INFO called updateEarthingLps function UserName : Inspector@gmail.com,BasicLpsId : 1,EarthingLpsDescId : null
2022-02-23T14:03:57.765+0530 INFO testUpdateEarthingLpsDetails Function Ended
2022-02-23T14:03:57.831+0530 INFO testAddEarthStudDetails Function Started
2022-02-23T14:03:57.832+0530 INFO called addEarthStud function UserName : Inspector@gmail.com, BasicLpsId : 1
2022-02-23T14:03:57.833+0530 INFO testAddEarthStudDetails Function Ended
2022-02-23T14:03:57.841+0530 INFO testRetrieveEarthStudDetails Function Started
2022-02-23T14:03:57.842+0530 INFO started retrieveEarthStud function UserName : LVsystem@gmail.com, BasicLpsId : 12
2022-02-23T14:03:57.842+0530 INFO testRetrieveEarthStudDetails Function Ended
2022-02-23T14:03:57.851+0530 INFO testUpdateEarthStud Function Started
2022-02-23T14:03:57.851+0530 INFO called updateEarthStud function UserName : Inspector@gmail.com,BasicLpsId : 1,SeperationDistanceDescId : null
2022-02-23T14:03:57.852+0530 INFO testUpdateEarthStud Function Ended
2022-02-23T14:03:57.904+0530 INFO testAddSeperationDistance Function Started
2022-02-23T14:03:57.905+0530 INFO called addSeperationDistance function UserName : Inspector@gmail.com, BasicLpsId : 1
2022-02-23T14:03:57.906+0530 INFO testAddSeperationDistance Function Ended
2022-02-23T14:03:57.914+0530 INFO testRetrieveSPDDetails Function Started
2022-02-23T14:03:57.915+0530 INFO started retrieveSeperationDistance function UserName : LVsystem@gmail.com, SiteId : 12
2022-02-23T14:03:57.916+0530 INFO testRetrieveSPDDetails Function Ended
2022-02-23T14:03:57.924+0530 INFO testUpdateSeperationDetails Function Started
2022-02-23T14:03:57.925+0530 INFO called updateSeperationDistance function UserName : Inspector@gmail.com,BasicLpsId : 1,SeperationDistanceDescId : null
2022-02-23T14:03:57.925+0530 INFO testUpdateSeperationDetails Function Ended
2022-02-23T14:03:57.969+0530 INFO testUpdateSPD Function Started
2022-02-23T14:03:57.969+0530 INFO called updateEarthingLps function UserName : Inspector@gmail.com,BasicLpsId : 1,SpdId : null
2022-02-23T14:03:57.969+0530 INFO testUpdateSPD Function Ended
2022-02-23T14:03:57.973+0530 INFO testAddSPDDetails Function Started
2022-02-23T14:03:57.974+0530 INFO called addSPDDetails function UserName : Inspector@gmail.com, BasicLpsId : 1
2022-02-23T14:03:57.974+0530 INFO testAddSPDDetails Function Ended
2022-02-23T14:03:57.979+0530 INFO testRetrieveSPDDetails Function Started
2022-02-23T14:03:57.979+0530 INFO started retrieveSPDDetails function UserName : LVsystem@gmail.com, BasicLpsId : 12
2022-02-23T14:03:57.980+0530 INFO testRetrieveSPDDetails Function Ended
2022-02-23T14:03:58.520+0530 INFO Starting LpsInspectionApplicationTests using Java 1.8.0_271 on DESKTOP-PUJTA74 with PID 440 (started by capeelectricsoftware in C:\Users\gopa0\sathish\backend\Cape-Electric-LPS-BackEnd)
2022-02-23T14:03:58.521+0530 DEBUG Running with Spring Boot v2.5.2, Spring v5.3.8
2022-02-23T14:03:58.521+0530 INFO The following profiles are active: dev
2022-02-23T14:04:09.163+0530 INFO Started LpsInspectionApplicationTests in 10.903 seconds (JVM running for 14.586)
2022-02-23T14:04:09.343+0530 INFO SuccessFlow of Retrieve  AirTerminationLps Obeject
2022-02-23T14:04:09.344+0530 INFO Invalid Input flow
2022-02-23T14:04:09.346+0530 INFO Given UserName & Id doesn't exist in Air Termination LPS Details
2022-02-23T14:04:09.409+0530 DEBUG Basic Client Repo data available
2022-02-23T14:04:09.410+0530 INFO BasicLpsId already Present_flow
2022-02-23T14:04:09.412+0530 DEBUG Basic Client Repo data available
2022-02-23T14:04:09.418+0530 INFO SuccessFlow of Retrieve LpsBasic Obeject
2022-02-23T14:04:09.419+0530 INFO Invalid Input flow
2022-02-23T14:04:09.420+0530 INFO Invalid Input flow
2022-02-23T14:04:09.476+0530 INFO SuccessFlow of Retrieve DownConductorDetails
2022-02-23T14:04:09.476+0530 INFO Invalid Input flow
2022-02-23T14:04:09.488+0530 INFO Invalid Present_flow
2022-02-23T14:04:33.948+0530 INFO testAddAirTerminationLpsDetails Function Started
2022-02-23T14:04:33.970+0530 INFO called addAirTerminationLpsDetails function UserName: Inspector@gmail.com
2022-02-23T14:04:34.023+0530 INFO testAddAirTerminationLpsDetails Function Ended
2022-02-23T14:04:34.060+0530 INFO testAddAirTerminationLpsDetails Function Started
2022-02-23T14:04:34.064+0530 INFO called retrieveAirTerminationLpsDetails function UserName: LVsystem@gmail.com, basicLpsId : 12
2022-02-23T14:04:34.074+0530 INFO testAddAirTerminationLpsDetails Function Ended
2022-02-23T14:04:34.088+0530 INFO testUpdateAirTerminationLps Function Started
2022-02-23T14:04:34.088+0530 INFO called updateAirTerminationLps function UserName : Inspector@gmail.com,BasicLpsId : 1,LpsAirDescId : null
2022-02-23T14:04:34.089+0530 INFO testUpdateAirTerminationLps Function Ended
2022-02-23T14:04:34.212+0530 INFO testUpdateBasicLpsDetails Function Started
2022-02-23T14:04:34.213+0530 INFO called updateBasicLpsDetails function UserName : LVsystem@gmail.com,BasicLpsId : 1
2022-02-23T14:04:34.214+0530 INFO testUpdateBasicLpsDetails Function Ended
2022-02-23T14:04:34.223+0530 INFO testAddBasicLpsDetails Function Started
2022-02-23T14:04:34.223+0530 INFO called addBasicLpsDetails function UserName : LVsystem@gmail.com
2022-02-23T14:04:34.231+0530 INFO called retrieveBasicLpsDetails function UserName: LVsystem@gmail.com, basicLpsId : 12
2022-02-23T14:04:34.231+0530 INFO testRetrieveBasicLpsDetails Function Ended
2022-02-23T14:04:34.282+0530 INFO testRetrieveDownConductor Function Started
2022-02-23T14:04:34.283+0530 INFO started retrieveDownConductor function UserName : LVsystem@gmail.com, SiteId : 12
2022-02-23T14:04:34.284+0530 INFO testRetrieveDownConductor Function Ended
2022-02-23T14:04:34.291+0530 INFO testUpdateDownConductor Function Started
2022-02-23T14:04:34.292+0530 INFO called updateDownConductor function UserName : Inspector@gmail.com,BasicLpsId : 1,DownConductorDescId : null
2022-02-23T14:04:34.292+0530 INFO testUpdateDownConductor Function Ended
2022-02-23T14:04:34.301+0530 INFO testAddDownConductorsDetails Function Started
2022-02-23T14:04:34.303+0530 INFO called addDownConductors function UserName : Inspector@gmail.com, SiteId : 1
2022-02-23T14:04:34.304+0530 INFO testAddDownConductorsDetails Function Ended
2022-02-23T14:04:34.359+0530 INFO testRetrieveEarthingLpsDetails Function Started
2022-02-23T14:04:34.360+0530 INFO started retrieveEarthingLps function UserName : LVsystem@gmail.com, BasicLpsId : 12
2022-02-23T14:04:34.360+0530 INFO testRetrieveEarthingLpsDetails Function Ended
2022-02-23T14:04:34.366+0530 INFO testAddEarthingLpsDetails Function Started
2022-02-23T14:04:34.367+0530 INFO called addEarthingLps function UserName : Inspector@gmail.com, BasicLpsId : 1
2022-02-23T14:04:34.368+0530 INFO testAddEarthingLpsDetails Function Ended
2022-02-23T14:04:34.374+0530 INFO testUpdateEarthingLpsDetails Function Started
2022-02-23T14:04:34.375+0530 INFO called updateEarthingLps function UserName : Inspector@gmail.com,BasicLpsId : 1,EarthingLpsDescId : null
2022-02-23T14:04:34.375+0530 INFO testUpdateEarthingLpsDetails Function Ended
2022-02-23T14:04:34.446+0530 INFO testAddEarthStudDetails Function Started
2022-02-23T14:04:34.447+0530 INFO called addEarthStud function UserName : Inspector@gmail.com, BasicLpsId : 1
2022-02-23T14:04:34.448+0530 INFO testAddEarthStudDetails Function Ended
2022-02-23T14:04:34.454+0530 INFO testRetrieveEarthStudDetails Function Started
2022-02-23T14:04:34.454+0530 INFO started retrieveEarthStud function UserName : LVsystem@gmail.com, BasicLpsId : 12
2022-02-23T14:04:34.455+0530 INFO testRetrieveEarthStudDetails Function Ended
2022-02-23T14:04:34.463+0530 INFO testUpdateEarthStud Function Started
2022-02-23T14:04:34.463+0530 INFO called updateEarthStud function UserName : Inspector@gmail.com,BasicLpsId : 1,SeperationDistanceDescId : null
2022-02-23T14:04:34.463+0530 INFO testUpdateEarthStud Function Ended
2022-02-23T14:04:34.505+0530 INFO testAddSeperationDistance Function Started
2022-02-23T14:04:34.506+0530 INFO called addSeperationDistance function UserName : Inspector@gmail.com, BasicLpsId : 1
2022-02-23T14:04:34.506+0530 INFO testAddSeperationDistance Function Ended
2022-02-23T14:04:34.512+0530 INFO testRetrieveSPDDetails Function Started
2022-02-23T14:04:34.513+0530 INFO started retrieveSeperationDistance function UserName : LVsystem@gmail.com, SiteId : 12
2022-02-23T14:04:34.513+0530 INFO testRetrieveSPDDetails Function Ended
2022-02-23T14:04:34.521+0530 INFO testUpdateSeperationDetails Function Started
2022-02-23T14:04:34.521+0530 INFO called updateSeperationDistance function UserName : Inspector@gmail.com,BasicLpsId : 1,SeperationDistanceDescId : null
2022-02-23T14:04:34.521+0530 INFO testUpdateSeperationDetails Function Ended
2022-02-23T14:04:34.561+0530 INFO testUpdateSPD Function Started
2022-02-23T14:04:34.561+0530 INFO called updateEarthingLps function UserName : Inspector@gmail.com,BasicLpsId : 1,SpdId : null
2022-02-23T14:04:34.561+0530 INFO testUpdateSPD Function Ended
2022-02-23T14:04:34.567+0530 INFO testAddSPDDetails Function Started
2022-02-23T14:04:34.568+0530 INFO called addSPDDetails function UserName : Inspector@gmail.com, BasicLpsId : 1
2022-02-23T14:04:34.569+0530 INFO testAddSPDDetails Function Ended
2022-02-23T14:04:34.575+0530 INFO testRetrieveSPDDetails Function Started
2022-02-23T14:04:34.575+0530 INFO started retrieveSPDDetails function UserName : LVsystem@gmail.com, BasicLpsId : 12
2022-02-23T14:04:34.576+0530 INFO testRetrieveSPDDetails Function Ended
2022-02-23T14:04:35.224+0530 INFO Starting LpsInspectionApplicationTests using Java 1.8.0_271 on DESKTOP-PUJTA74 with PID 528 (started by capeelectricsoftware in C:\Users\gopa0\sathish\backend\Cape-Electric-LPS-BackEnd)
2022-02-23T14:04:35.224+0530 DEBUG Running with Spring Boot v2.5.2, Spring v5.3.8
2022-02-23T14:04:35.225+0530 INFO The following profiles are active: dev
2022-02-23T14:04:45.747+0530 INFO Started LpsInspectionApplicationTests in 10.86 seconds (JVM running for 14.618)
2022-02-23T14:04:45.944+0530 INFO SuccessFlow of Retrieve  AirTerminationLps Obeject
2022-02-23T14:04:45.944+0530 INFO Invalid Input flow
2022-02-23T14:04:45.947+0530 INFO Given UserName & Id doesn't exist in Air Termination LPS Details
2022-02-23T14:04:46.046+0530 DEBUG Basic Client Repo data available
2022-02-23T14:04:46.047+0530 INFO BasicLpsId already Present_flow
2022-02-23T14:04:46.048+0530 DEBUG Basic Client Repo data available
2022-02-23T14:04:46.059+0530 INFO SuccessFlow of Retrieve LpsBasic Obeject
2022-02-23T14:04:46.060+0530 INFO Invalid Input flow
2022-02-23T14:04:46.061+0530 INFO Invalid Input flow
2022-02-23T14:04:46.125+0530 INFO SuccessFlow of Retrieve DownConductorDetails
2022-02-23T14:04:46.126+0530 INFO Invalid Input flow
2022-02-23T14:04:46.138+0530 INFO Invalid Present_flow
2022-02-23T15:07:24.045+0530 INFO testAddAirTerminationLpsDetails Function Started
2022-02-23T15:07:24.065+0530 INFO called addAirTerminationLpsDetails function UserName: Inspector@gmail.com
2022-02-23T15:07:24.107+0530 INFO testAddAirTerminationLpsDetails Function Ended
2022-02-23T15:07:24.129+0530 INFO testAddAirTerminationLpsDetails Function Started
2022-02-23T15:07:24.131+0530 INFO called retrieveAirTerminationLpsDetails function UserName: LVsystem@gmail.com, basicLpsId : 12
2022-02-23T15:07:24.137+0530 INFO testAddAirTerminationLpsDetails Function Ended
2022-02-23T15:07:24.142+0530 INFO testUpdateAirTerminationLps Function Started
2022-02-23T15:07:24.143+0530 INFO called updateAirTerminationLps function UserName : Inspector@gmail.com,BasicLpsId : 1,LpsAirDescId : null
2022-02-23T15:07:24.143+0530 INFO testUpdateAirTerminationLps Function Ended
2022-02-23T15:07:24.237+0530 INFO testUpdateBasicLpsDetails Function Started
2022-02-23T15:07:24.237+0530 INFO called updateBasicLpsDetails function UserName : LVsystem@gmail.com,BasicLpsId : 1
2022-02-23T15:07:24.238+0530 INFO testUpdateBasicLpsDetails Function Ended
2022-02-23T15:07:24.247+0530 INFO testAddBasicLpsDetails Function Started
2022-02-23T15:07:24.248+0530 INFO called addBasicLpsDetails function UserName : LVsystem@gmail.com
2022-02-23T15:07:24.254+0530 INFO called retrieveBasicLpsDetails function UserName: LVsystem@gmail.com, basicLpsId : 12
2022-02-23T15:07:24.255+0530 INFO testRetrieveBasicLpsDetails Function Ended
2022-02-23T15:07:24.311+0530 INFO testRetrieveDownConductor Function Started
2022-02-23T15:07:24.311+0530 INFO started retrieveDownConductor function UserName : LVsystem@gmail.com, SiteId : 12
2022-02-23T15:07:24.311+0530 INFO testRetrieveDownConductor Function Ended
2022-02-23T15:07:24.317+0530 INFO testUpdateDownConductor Function Started
2022-02-23T15:07:24.317+0530 INFO called updateDownConductor function UserName : Inspector@gmail.com,BasicLpsId : 1,DownConductorDescId : null
2022-02-23T15:07:24.318+0530 INFO testUpdateDownConductor Function Ended
2022-02-23T15:07:24.327+0530 INFO testAddDownConductorsDetails Function Started
2022-02-23T15:07:24.327+0530 INFO called addDownConductors function UserName : Inspector@gmail.com, SiteId : 1
2022-02-23T15:07:24.328+0530 INFO testAddDownConductorsDetails Function Ended
2022-02-23T15:07:24.387+0530 INFO testRetrieveEarthingLpsDetails Function Started
2022-02-23T15:07:24.388+0530 INFO started retrieveEarthingLps function UserName : LVsystem@gmail.com, BasicLpsId : 12
2022-02-23T15:07:24.388+0530 INFO testRetrieveEarthingLpsDetails Function Ended
2022-02-23T15:07:24.395+0530 INFO testAddEarthingLpsDetails Function Started
2022-02-23T15:07:24.396+0530 INFO called addEarthingLps function UserName : Inspector@gmail.com, BasicLpsId : 1
2022-02-23T15:07:24.396+0530 INFO testAddEarthingLpsDetails Function Ended
2022-02-23T15:07:24.402+0530 INFO testUpdateEarthingLpsDetails Function Started
2022-02-23T15:07:24.403+0530 INFO called updateEarthingLps function UserName : Inspector@gmail.com,BasicLpsId : 1,EarthingLpsDescId : null
2022-02-23T15:07:24.404+0530 INFO testUpdateEarthingLpsDetails Function Ended
2022-02-23T15:07:24.460+0530 INFO testAddEarthStudDetails Function Started
2022-02-23T15:07:24.461+0530 INFO called addEarthStud function UserName : Inspector@gmail.com, BasicLpsId : 1
2022-02-23T15:07:24.461+0530 INFO testAddEarthStudDetails Function Ended
2022-02-23T15:07:24.467+0530 INFO testRetrieveEarthStudDetails Function Started
2022-02-23T15:07:24.468+0530 INFO started retrieveEarthStud function UserName : LVsystem@gmail.com, BasicLpsId : 12
2022-02-23T15:07:24.469+0530 INFO testRetrieveEarthStudDetails Function Ended
2022-02-23T15:07:24.476+0530 INFO testUpdateEarthStud Function Started
2022-02-23T15:07:24.476+0530 INFO called updateEarthStud function UserName : Inspector@gmail.com,BasicLpsId : 1,SeperationDistanceDescId : null
2022-02-23T15:07:24.477+0530 INFO testUpdateEarthStud Function Ended
2022-02-23T15:07:24.512+0530 INFO testAddSeperationDistance Function Started
2022-02-23T15:07:24.513+0530 INFO called addSeperationDistance function UserName : Inspector@gmail.com, BasicLpsId : 1
2022-02-23T15:07:24.513+0530 INFO testAddSeperationDistance Function Ended
2022-02-23T15:07:24.519+0530 INFO testRetrieveSPDDetails Function Started
2022-02-23T15:07:24.520+0530 INFO started retrieveSeperationDistance function UserName : LVsystem@gmail.com, SiteId : 12
2022-02-23T15:07:24.520+0530 INFO testRetrieveSPDDetails Function Ended
2022-02-23T15:07:24.526+0530 INFO testUpdateSeperationDetails Function Started
2022-02-23T15:07:24.527+0530 INFO called updateSeperationDistance function UserName : Inspector@gmail.com,BasicLpsId : 1,SeperationDistanceDescId : null
2022-02-23T15:07:24.527+0530 INFO testUpdateSeperationDetails Function Ended
2022-02-23T15:07:24.563+0530 INFO testUpdateSPD Function Started
2022-02-23T15:07:24.563+0530 INFO called updateEarthingLps function UserName : Inspector@gmail.com,BasicLpsId : 1,SpdId : null
2022-02-23T15:07:24.564+0530 INFO testUpdateSPD Function Ended
2022-02-23T15:07:24.568+0530 INFO testAddSPDDetails Function Started
2022-02-23T15:07:24.569+0530 INFO called addSPDDetails function UserName : Inspector@gmail.com, BasicLpsId : 1
2022-02-23T15:07:24.569+0530 INFO testAddSPDDetails Function Ended
2022-02-23T15:07:24.573+0530 INFO testRetrieveSPDDetails Function Started
2022-02-23T15:07:24.574+0530 INFO started retrieveSPDDetails function UserName : LVsystem@gmail.com, BasicLpsId : 12
2022-02-23T15:07:24.574+0530 INFO testRetrieveSPDDetails Function Ended
2022-02-23T15:07:25.170+0530 INFO Starting LpsInspectionApplicationTests using Java 1.8.0_271 on DESKTOP-PUJTA74 with PID 21120 (started by capeelectricsoftware in C:\Users\gopa0\sathish\backend\Cape-Electric-LPS-BackEnd)
2022-02-23T15:07:25.171+0530 DEBUG Running with Spring Boot v2.5.2, Spring v5.3.8
2022-02-23T15:07:25.171+0530 INFO The following profiles are active: dev
2022-02-23T15:07:30.381+0530 INFO Starting LvSafetyVerificationApplicationTests using Java 1.8.0_271 on DESKTOP-PUJTA74 with PID 21120 (started by capeelectricsoftware in C:\Users\gopa0\sathish\backend\Cape-Electric-LPS-BackEnd)
2022-02-23T15:07:30.381+0530 DEBUG Running with Spring Boot v2.5.2, Spring v5.3.8
2022-02-23T15:07:30.381+0530 INFO The following profiles are active: dev
2022-02-23T15:07:31.525+0530 INFO SuccessFlow of Retrieve  AirTerminationLps Obeject
2022-02-23T15:07:31.526+0530 INFO Invalid Input flow
2022-02-23T15:07:31.527+0530 INFO Given UserName & Id doesn't exist in Air Termination LPS Details
2022-02-23T15:07:31.572+0530 DEBUG Basic Client Repo data available
2022-02-23T15:07:31.573+0530 INFO BasicLpsId already Present_flow
2022-02-23T15:07:31.574+0530 DEBUG Basic Client Repo data available
2022-02-23T15:07:31.580+0530 INFO SuccessFlow of Retrieve LpsBasic Obeject
2022-02-23T15:07:31.581+0530 INFO Invalid Input flow
2022-02-23T15:07:31.581+0530 INFO Invalid Input flow
2022-02-23T15:07:31.622+0530 INFO SuccessFlow of Retrieve DownConductorDetails
2022-02-23T15:07:31.622+0530 INFO Invalid Input flow
2022-02-23T15:07:31.632+0530 INFO Invalid Present_flow
2022-02-23T15:08:37.201+0530 INFO testAddAirTerminationLpsDetails Function Started
2022-02-23T15:08:37.220+0530 INFO called addAirTerminationLpsDetails function UserName: Inspector@gmail.com
2022-02-23T15:08:37.247+0530 INFO testAddAirTerminationLpsDetails Function Ended
2022-02-23T15:08:37.271+0530 INFO testAddAirTerminationLpsDetails Function Started
2022-02-23T15:08:37.274+0530 INFO called retrieveAirTerminationLpsDetails function UserName: LVsystem@gmail.com, basicLpsId : 12
2022-02-23T15:08:37.280+0530 INFO testAddAirTerminationLpsDetails Function Ended
2022-02-23T15:08:37.286+0530 INFO testUpdateAirTerminationLps Function Started
2022-02-23T15:08:37.286+0530 INFO called updateAirTerminationLps function UserName : Inspector@gmail.com,BasicLpsId : 1,LpsAirDescId : null
2022-02-23T15:08:37.286+0530 INFO testUpdateAirTerminationLps Function Ended
2022-02-23T15:08:37.393+0530 INFO testUpdateBasicLpsDetails Function Started
2022-02-23T15:08:37.394+0530 INFO called updateBasicLpsDetails function UserName : LVsystem@gmail.com,BasicLpsId : 1
2022-02-23T15:08:37.395+0530 INFO testUpdateBasicLpsDetails Function Ended
2022-02-23T15:08:37.403+0530 INFO testAddBasicLpsDetails Function Started
2022-02-23T15:08:37.403+0530 INFO called addBasicLpsDetails function UserName : LVsystem@gmail.com
2022-02-23T15:08:37.410+0530 INFO called retrieveBasicLpsDetails function UserName: LVsystem@gmail.com, basicLpsId : 12
2022-02-23T15:08:37.410+0530 INFO testRetrieveBasicLpsDetails Function Ended
2022-02-23T15:08:37.458+0530 INFO testRetrieveDownConductor Function Started
2022-02-23T15:08:37.459+0530 INFO started retrieveDownConductor function UserName : LVsystem@gmail.com, SiteId : 12
2022-02-23T15:08:37.459+0530 INFO testRetrieveDownConductor Function Ended
2022-02-23T15:08:37.465+0530 INFO testUpdateDownConductor Function Started
2022-02-23T15:08:37.465+0530 INFO called updateDownConductor function UserName : Inspector@gmail.com,BasicLpsId : 1,DownConductorDescId : null
2022-02-23T15:08:37.465+0530 INFO testUpdateDownConductor Function Ended
2022-02-23T15:08:37.472+0530 INFO testAddDownConductorsDetails Function Started
2022-02-23T15:08:37.473+0530 INFO called addDownConductors function UserName : Inspector@gmail.com, SiteId : 1
2022-02-23T15:08:37.473+0530 INFO testAddDownConductorsDetails Function Ended
2022-02-23T15:08:37.517+0530 INFO testRetrieveEarthingLpsDetails Function Started
2022-02-23T15:08:37.518+0530 INFO started retrieveEarthingLps function UserName : LVsystem@gmail.com, BasicLpsId : 12
2022-02-23T15:08:37.518+0530 INFO testRetrieveEarthingLpsDetails Function Ended
2022-02-23T15:08:37.523+0530 INFO testAddEarthingLpsDetails Function Started
2022-02-23T15:08:37.523+0530 INFO called addEarthingLps function UserName : Inspector@gmail.com, BasicLpsId : 1
2022-02-23T15:08:37.523+0530 INFO testAddEarthingLpsDetails Function Ended
2022-02-23T15:08:37.529+0530 INFO testUpdateEarthingLpsDetails Function Started
2022-02-23T15:08:37.529+0530 INFO called updateEarthingLps function UserName : Inspector@gmail.com,BasicLpsId : 1,EarthingLpsDescId : null
2022-02-23T15:08:37.529+0530 INFO testUpdateEarthingLpsDetails Function Ended
2022-02-23T15:08:37.589+0530 INFO testAddEarthStudDetails Function Started
2022-02-23T15:08:37.589+0530 INFO called addEarthStud function UserName : Inspector@gmail.com, BasicLpsId : 1
2022-02-23T15:08:37.590+0530 INFO testAddEarthStudDetails Function Ended
2022-02-23T15:08:37.598+0530 INFO testRetrieveEarthStudDetails Function Started
2022-02-23T15:08:37.599+0530 INFO started retrieveEarthStud function UserName : LVsystem@gmail.com, BasicLpsId : 12
2022-02-23T15:08:37.599+0530 INFO testRetrieveEarthStudDetails Function Ended
2022-02-23T15:08:37.606+0530 INFO testUpdateEarthStud Function Started
2022-02-23T15:08:37.608+0530 INFO called updateEarthStud function UserName : Inspector@gmail.com,BasicLpsId : 1,SeperationDistanceDescId : null
2022-02-23T15:08:37.609+0530 INFO testUpdateEarthStud Function Ended
2022-02-23T15:08:37.654+0530 INFO testAddSeperationDistance Function Started
2022-02-23T15:08:37.655+0530 INFO called addSeperationDistance function UserName : Inspector@gmail.com, BasicLpsId : 1
2022-02-23T15:08:37.656+0530 INFO testAddSeperationDistance Function Ended
2022-02-23T15:08:37.664+0530 INFO testRetrieveSPDDetails Function Started
2022-02-23T15:08:37.665+0530 INFO started retrieveSeperationDistance function UserName : LVsystem@gmail.com, SiteId : 12
2022-02-23T15:08:37.666+0530 INFO testRetrieveSPDDetails Function Ended
2022-02-23T15:08:37.675+0530 INFO testUpdateSeperationDetails Function Started
2022-02-23T15:08:37.675+0530 INFO called updateSeperationDistance function UserName : Inspector@gmail.com,BasicLpsId : 1,SeperationDistanceDescId : null
2022-02-23T15:08:37.676+0530 INFO testUpdateSeperationDetails Function Ended
2022-02-23T15:08:37.724+0530 INFO testUpdateSPD Function Started
2022-02-23T15:08:37.725+0530 INFO called updateEarthingLps function UserName : Inspector@gmail.com,BasicLpsId : 1,SpdId : null
2022-02-23T15:08:37.725+0530 INFO testUpdateSPD Function Ended
2022-02-23T15:08:37.734+0530 INFO testAddSPDDetails Function Started
2022-02-23T15:08:37.734+0530 INFO called addSPDDetails function UserName : Inspector@gmail.com, BasicLpsId : 1
2022-02-23T15:08:37.735+0530 INFO testAddSPDDetails Function Ended
2022-02-23T15:08:37.743+0530 INFO testRetrieveSPDDetails Function Started
2022-02-23T15:08:37.744+0530 INFO started retrieveSPDDetails function UserName : LVsystem@gmail.com, BasicLpsId : 12
2022-02-23T15:08:37.745+0530 INFO testRetrieveSPDDetails Function Ended
2022-02-23T15:08:38.339+0530 INFO Starting LpsInspectionApplicationTests using Java 1.8.0_271 on DESKTOP-PUJTA74 with PID 10168 (started by capeelectricsoftware in C:\Users\gopa0\sathish\backend\Cape-Electric-LPS-BackEnd)
2022-02-23T15:08:38.340+0530 DEBUG Running with Spring Boot v2.5.2, Spring v5.3.8
2022-02-23T15:08:38.340+0530 INFO The following profiles are active: dev
2022-02-23T15:08:45.979+0530 INFO Started LpsInspectionApplicationTests in 7.91 seconds (JVM running for 11.241)
2022-02-23T15:08:46.141+0530 INFO SuccessFlow of Retrieve  AirTerminationLps Obeject
2022-02-23T15:08:46.141+0530 INFO Invalid Input flow
2022-02-23T15:08:46.143+0530 INFO Given UserName & Id doesn't exist in Air Termination LPS Details
2022-02-23T15:08:46.189+0530 DEBUG Basic Client Repo data available
2022-02-23T15:08:46.190+0530 INFO BasicLpsId already Present_flow
2022-02-23T15:08:46.193+0530 DEBUG Basic Client Repo data available
2022-02-23T15:08:46.199+0530 INFO SuccessFlow of Retrieve LpsBasic Obeject
2022-02-23T15:08:46.199+0530 INFO Invalid Input flow
2022-02-23T15:08:46.200+0530 INFO Invalid Input flow
2022-02-23T15:08:46.234+0530 INFO SuccessFlow of Retrieve DownConductorDetails
2022-02-23T15:08:46.234+0530 INFO Invalid Input flow
2022-02-23T15:08:46.241+0530 INFO Invalid Present_flow
2022-02-23T15:09:10.893+0530 INFO testAddAirTerminationLpsDetails Function Started
2022-02-23T15:09:10.913+0530 INFO called addAirTerminationLpsDetails function UserName: Inspector@gmail.com
2022-02-23T15:09:10.941+0530 INFO testAddAirTerminationLpsDetails Function Ended
2022-02-23T15:09:10.968+0530 INFO testAddAirTerminationLpsDetails Function Started
2022-02-23T15:09:10.972+0530 INFO called retrieveAirTerminationLpsDetails function UserName: LVsystem@gmail.com, basicLpsId : 12
2022-02-23T15:09:10.978+0530 INFO testAddAirTerminationLpsDetails Function Ended
2022-02-23T15:09:10.985+0530 INFO testUpdateAirTerminationLps Function Started
2022-02-23T15:09:10.985+0530 INFO called updateAirTerminationLps function UserName : Inspector@gmail.com,BasicLpsId : 1,LpsAirDescId : null
2022-02-23T15:09:10.986+0530 INFO testUpdateAirTerminationLps Function Ended
2022-02-23T15:09:11.081+0530 INFO testUpdateBasicLpsDetails Function Started
2022-02-23T15:09:11.082+0530 INFO called updateBasicLpsDetails function UserName : LVsystem@gmail.com,BasicLpsId : 1
2022-02-23T15:09:11.083+0530 INFO testUpdateBasicLpsDetails Function Ended
2022-02-23T15:09:11.089+0530 INFO testAddBasicLpsDetails Function Started
2022-02-23T15:09:11.089+0530 INFO called addBasicLpsDetails function UserName : LVsystem@gmail.com
2022-02-23T15:09:11.095+0530 INFO called retrieveBasicLpsDetails function UserName: LVsystem@gmail.com, basicLpsId : 12
2022-02-23T15:09:11.095+0530 INFO testRetrieveBasicLpsDetails Function Ended
2022-02-23T15:09:11.139+0530 INFO testRetrieveDownConductor Function Started
2022-02-23T15:09:11.139+0530 INFO started retrieveDownConductor function UserName : LVsystem@gmail.com, SiteId : 12
2022-02-23T15:09:11.140+0530 INFO testRetrieveDownConductor Function Ended
2022-02-23T15:09:11.148+0530 INFO testUpdateDownConductor Function Started
2022-02-23T15:09:11.148+0530 INFO called updateDownConductor function UserName : Inspector@gmail.com,BasicLpsId : 1,DownConductorDescId : null
2022-02-23T15:09:11.148+0530 INFO testUpdateDownConductor Function Ended
2022-02-23T15:09:11.157+0530 INFO testAddDownConductorsDetails Function Started
2022-02-23T15:09:11.157+0530 INFO called addDownConductors function UserName : Inspector@gmail.com, SiteId : 1
2022-02-23T15:09:11.158+0530 INFO testAddDownConductorsDetails Function Ended
2022-02-23T15:09:11.207+0530 INFO testRetrieveEarthingLpsDetails Function Started
2022-02-23T15:09:11.207+0530 INFO started retrieveEarthingLps function UserName : LVsystem@gmail.com, BasicLpsId : 12
2022-02-23T15:09:11.207+0530 INFO testRetrieveEarthingLpsDetails Function Ended
2022-02-23T15:09:11.212+0530 INFO testAddEarthingLpsDetails Function Started
2022-02-23T15:09:11.212+0530 INFO called addEarthingLps function UserName : Inspector@gmail.com, BasicLpsId : 1
2022-02-23T15:09:11.213+0530 INFO testAddEarthingLpsDetails Function Ended
2022-02-23T15:09:11.218+0530 INFO testUpdateEarthingLpsDetails Function Started
2022-02-23T15:09:11.219+0530 INFO called updateEarthingLps function UserName : Inspector@gmail.com,BasicLpsId : 1,EarthingLpsDescId : null
2022-02-23T15:09:11.219+0530 INFO testUpdateEarthingLpsDetails Function Ended
2022-02-23T15:09:11.269+0530 INFO testAddEarthStudDetails Function Started
2022-02-23T15:09:11.269+0530 INFO called addEarthStud function UserName : Inspector@gmail.com, BasicLpsId : 1
2022-02-23T15:09:11.270+0530 INFO testAddEarthStudDetails Function Ended
2022-02-23T15:09:11.276+0530 INFO testRetrieveEarthStudDetails Function Started
2022-02-23T15:09:11.277+0530 INFO started retrieveEarthStud function UserName : LVsystem@gmail.com, BasicLpsId : 12
2022-02-23T15:09:11.278+0530 INFO testRetrieveEarthStudDetails Function Ended
2022-02-23T15:09:11.284+0530 INFO testUpdateEarthStud Function Started
2022-02-23T15:09:11.285+0530 INFO called updateEarthStud function UserName : Inspector@gmail.com,BasicLpsId : 1,SeperationDistanceDescId : null
2022-02-23T15:09:11.285+0530 INFO testUpdateEarthStud Function Ended
2022-02-23T15:09:11.332+0530 INFO testAddSeperationDistance Function Started
2022-02-23T15:09:11.332+0530 INFO called addSeperationDistance function UserName : Inspector@gmail.com, BasicLpsId : 1
2022-02-23T15:09:11.333+0530 INFO testAddSeperationDistance Function Ended
2022-02-23T15:09:11.339+0530 INFO testRetrieveSPDDetails Function Started
2022-02-23T15:09:11.339+0530 INFO started retrieveSeperationDistance function UserName : LVsystem@gmail.com, SiteId : 12
2022-02-23T15:09:11.340+0530 INFO testRetrieveSPDDetails Function Ended
2022-02-23T15:09:11.347+0530 INFO testUpdateSeperationDetails Function Started
2022-02-23T15:09:11.347+0530 INFO called updateSeperationDistance function UserName : Inspector@gmail.com,BasicLpsId : 1,SeperationDistanceDescId : null
2022-02-23T15:09:11.348+0530 INFO testUpdateSeperationDetails Function Ended
2022-02-23T15:09:11.394+0530 INFO testUpdateSPD Function Started
2022-02-23T15:09:11.394+0530 INFO called updateEarthingLps function UserName : Inspector@gmail.com,BasicLpsId : 1,SpdId : null
2022-02-23T15:09:11.395+0530 INFO testUpdateSPD Function Ended
2022-02-23T15:09:11.401+0530 INFO testAddSPDDetails Function Started
2022-02-23T15:09:11.402+0530 INFO called addSPDDetails function UserName : Inspector@gmail.com, BasicLpsId : 1
2022-02-23T15:09:11.402+0530 INFO testAddSPDDetails Function Ended
2022-02-23T15:09:11.409+0530 INFO testRetrieveSPDDetails Function Started
2022-02-23T15:09:11.410+0530 INFO started retrieveSPDDetails function UserName : LVsystem@gmail.com, BasicLpsId : 12
2022-02-23T15:09:11.411+0530 INFO testRetrieveSPDDetails Function Ended
2022-02-23T15:09:11.954+0530 INFO Starting LpsInspectionApplicationTests using Java 1.8.0_271 on DESKTOP-PUJTA74 with PID 14576 (started by capeelectricsoftware in C:\Users\gopa0\sathish\backend\Cape-Electric-LPS-BackEnd)
2022-02-23T15:09:11.955+0530 DEBUG Running with Spring Boot v2.5.2, Spring v5.3.8
2022-02-23T15:09:11.955+0530 INFO The following profiles are active: dev
2022-02-23T15:09:23.507+0530 INFO Started LpsInspectionApplicationTests in 11.824 seconds (JVM running for 15.166)
2022-02-23T15:09:23.850+0530 INFO SuccessFlow of Retrieve  AirTerminationLps Obeject
2022-02-23T15:09:23.850+0530 INFO Invalid Input flow
2022-02-23T15:09:23.852+0530 INFO Given UserName & Id doesn't exist in Air Termination LPS Details
2022-02-23T15:09:23.931+0530 DEBUG Basic Client Repo data available
2022-02-23T15:09:23.932+0530 INFO BasicLpsId already Present_flow
2022-02-23T15:09:23.934+0530 DEBUG Basic Client Repo data available
2022-02-23T15:09:23.942+0530 INFO SuccessFlow of Retrieve LpsBasic Obeject
2022-02-23T15:09:23.943+0530 INFO Invalid Input flow
2022-02-23T15:09:23.944+0530 INFO Invalid Input flow
2022-02-23T15:09:24.000+0530 INFO SuccessFlow of Retrieve DownConductorDetails
2022-02-23T15:09:24.000+0530 INFO Invalid Input flow
2022-02-23T15:09:24.014+0530 INFO Invalid Present_flow
2022-02-23T15:09:57.825+0530 INFO testAddAirTerminationLpsDetails Function Started
2022-02-23T15:09:57.850+0530 INFO called addAirTerminationLpsDetails function UserName: Inspector@gmail.com
2022-02-23T15:09:57.879+0530 INFO testAddAirTerminationLpsDetails Function Ended
2022-02-23T15:09:57.903+0530 INFO testAddAirTerminationLpsDetails Function Started
2022-02-23T15:09:57.907+0530 INFO called retrieveAirTerminationLpsDetails function UserName: LVsystem@gmail.com, basicLpsId : 12
2022-02-23T15:09:57.913+0530 INFO testAddAirTerminationLpsDetails Function Ended
2022-02-23T15:09:57.920+0530 INFO testUpdateAirTerminationLps Function Started
2022-02-23T15:09:57.921+0530 INFO called updateAirTerminationLps function UserName : Inspector@gmail.com,BasicLpsId : 1,LpsAirDescId : null
2022-02-23T15:09:57.921+0530 INFO testUpdateAirTerminationLps Function Ended
2022-02-23T15:09:58.028+0530 INFO testUpdateBasicLpsDetails Function Started
2022-02-23T15:09:58.029+0530 INFO called updateBasicLpsDetails function UserName : LVsystem@gmail.com,BasicLpsId : 1
2022-02-23T15:09:58.030+0530 INFO testUpdateBasicLpsDetails Function Ended
2022-02-23T15:09:58.039+0530 INFO testAddBasicLpsDetails Function Started
2022-02-23T15:09:58.039+0530 INFO called addBasicLpsDetails function UserName : LVsystem@gmail.com
2022-02-23T15:09:58.048+0530 INFO called retrieveBasicLpsDetails function UserName: LVsystem@gmail.com, basicLpsId : 12
2022-02-23T15:09:58.048+0530 INFO testRetrieveBasicLpsDetails Function Ended
2022-02-23T15:09:58.103+0530 INFO testRetrieveDownConductor Function Started
2022-02-23T15:09:58.104+0530 INFO started retrieveDownConductor function UserName : LVsystem@gmail.com, SiteId : 12
2022-02-23T15:09:58.104+0530 INFO testRetrieveDownConductor Function Ended
2022-02-23T15:09:58.113+0530 INFO testUpdateDownConductor Function Started
2022-02-23T15:09:58.114+0530 INFO called updateDownConductor function UserName : Inspector@gmail.com,BasicLpsId : 1,DownConductorDescId : null
2022-02-23T15:09:58.115+0530 INFO testUpdateDownConductor Function Ended
2022-02-23T15:09:58.128+0530 INFO testAddDownConductorsDetails Function Started
2022-02-23T15:09:58.130+0530 INFO called addDownConductors function UserName : Inspector@gmail.com, SiteId : 1
2022-02-23T15:09:58.131+0530 INFO testAddDownConductorsDetails Function Ended
2022-02-23T15:09:58.196+0530 INFO testRetrieveEarthingLpsDetails Function Started
2022-02-23T15:09:58.197+0530 INFO started retrieveEarthingLps function UserName : LVsystem@gmail.com, BasicLpsId : 12
2022-02-23T15:09:58.197+0530 INFO testRetrieveEarthingLpsDetails Function Ended
2022-02-23T15:09:58.204+0530 INFO testAddEarthingLpsDetails Function Started
2022-02-23T15:09:58.204+0530 INFO called addEarthingLps function UserName : Inspector@gmail.com, BasicLpsId : 1
2022-02-23T15:09:58.204+0530 INFO testAddEarthingLpsDetails Function Ended
2022-02-23T15:09:58.214+0530 INFO testUpdateEarthingLpsDetails Function Started
2022-02-23T15:09:58.215+0530 INFO called updateEarthingLps function UserName : Inspector@gmail.com,BasicLpsId : 1,EarthingLpsDescId : null
2022-02-23T15:09:58.216+0530 INFO testUpdateEarthingLpsDetails Function Ended
2022-02-23T15:09:58.274+0530 INFO testAddEarthStudDetails Function Started
2022-02-23T15:09:58.275+0530 INFO called addEarthStud function UserName : Inspector@gmail.com, BasicLpsId : 1
2022-02-23T15:09:58.275+0530 INFO testAddEarthStudDetails Function Ended
2022-02-23T15:09:58.283+0530 INFO testRetrieveEarthStudDetails Function Started
2022-02-23T15:09:58.284+0530 INFO started retrieveEarthStud function UserName : LVsystem@gmail.com, BasicLpsId : 12
2022-02-23T15:09:58.284+0530 INFO testRetrieveEarthStudDetails Function Ended
2022-02-23T15:09:58.292+0530 INFO testUpdateEarthStud Function Started
2022-02-23T15:09:58.292+0530 INFO called updateEarthStud function UserName : Inspector@gmail.com,BasicLpsId : 1,SeperationDistanceDescId : null
2022-02-23T15:09:58.292+0530 INFO testUpdateEarthStud Function Ended
2022-02-23T15:09:58.335+0530 INFO testAddSeperationDistance Function Started
2022-02-23T15:09:58.336+0530 INFO called addSeperationDistance function UserName : Inspector@gmail.com, BasicLpsId : 1
2022-02-23T15:09:58.336+0530 INFO testAddSeperationDistance Function Ended
2022-02-23T15:09:58.344+0530 INFO testRetrieveSPDDetails Function Started
2022-02-23T15:09:58.345+0530 INFO started retrieveSeperationDistance function UserName : LVsystem@gmail.com, SiteId : 12
2022-02-23T15:09:58.345+0530 INFO testRetrieveSPDDetails Function Ended
2022-02-23T15:09:58.353+0530 INFO testUpdateSeperationDetails Function Started
2022-02-23T15:09:58.353+0530 INFO called updateSeperationDistance function UserName : Inspector@gmail.com,BasicLpsId : 1,SeperationDistanceDescId : null
2022-02-23T15:09:58.354+0530 INFO testUpdateSeperationDetails Function Ended
2022-02-23T15:09:58.397+0530 INFO testUpdateSPD Function Started
2022-02-23T15:09:58.398+0530 INFO called updateEarthingLps function UserName : Inspector@gmail.com,BasicLpsId : 1,SpdId : null
2022-02-23T15:09:58.398+0530 INFO testUpdateSPD Function Ended
2022-02-23T15:09:58.403+0530 INFO testAddSPDDetails Function Started
2022-02-23T15:09:58.403+0530 INFO called addSPDDetails function UserName : Inspector@gmail.com, BasicLpsId : 1
2022-02-23T15:09:58.403+0530 INFO testAddSPDDetails Function Ended
2022-02-23T15:09:58.410+0530 INFO testRetrieveSPDDetails Function Started
2022-02-23T15:09:58.410+0530 INFO started retrieveSPDDetails function UserName : LVsystem@gmail.com, BasicLpsId : 12
2022-02-23T15:09:58.411+0530 INFO testRetrieveSPDDetails Function Ended
2022-02-23T15:09:59.145+0530 INFO Starting LpsInspectionApplicationTests using Java 1.8.0_271 on DESKTOP-PUJTA74 with PID 12044 (started by capeelectricsoftware in C:\Users\gopa0\sathish\backend\Cape-Electric-LPS-BackEnd)
2022-02-23T15:09:59.146+0530 DEBUG Running with Spring Boot v2.5.5, Spring v5.3.10
2022-02-23T15:09:59.146+0530 INFO The following profiles are active: dev
2022-02-23T15:10:10.940+0530 INFO Started LpsInspectionApplicationTests in 12.198 seconds (JVM running for 17.338)
2022-02-23T15:10:11.522+0530 INFO SuccessFlow of Retrieve  AirTerminationLps Obeject
2022-02-23T15:10:11.523+0530 INFO Invalid Input flow
2022-02-23T15:10:11.525+0530 INFO Given UserName & Id doesn't exist in Air Termination LPS Details
2022-02-23T15:10:11.591+0530 DEBUG Basic Client Repo data available
2022-02-23T15:10:11.592+0530 INFO BasicLpsId already Present_flow
2022-02-23T15:10:11.597+0530 DEBUG Basic Client Repo data available
2022-02-23T15:10:11.605+0530 INFO SuccessFlow of Retrieve LpsBasic Obeject
2022-02-23T15:10:11.605+0530 INFO Invalid Input flow
2022-02-23T15:10:11.606+0530 INFO Invalid Input flow
2022-02-23T15:10:11.665+0530 INFO SuccessFlow of Retrieve DownConductorDetails
2022-02-23T15:10:11.666+0530 INFO Invalid Input flow
2022-02-23T15:10:11.675+0530 INFO Invalid Present_flow
2022-02-23T15:11:03.241+0530 INFO testAddAirTerminationLpsDetails Function Started
2022-02-23T15:11:03.258+0530 INFO called addAirTerminationLpsDetails function UserName: Inspector@gmail.com
2022-02-23T15:11:03.301+0530 INFO testAddAirTerminationLpsDetails Function Ended
2022-02-23T15:11:03.332+0530 INFO testAddAirTerminationLpsDetails Function Started
2022-02-23T15:11:03.336+0530 INFO called retrieveAirTerminationLpsDetails function UserName: LVsystem@gmail.com, basicLpsId : 12
2022-02-23T15:11:03.344+0530 INFO testAddAirTerminationLpsDetails Function Ended
2022-02-23T15:11:03.357+0530 INFO testUpdateAirTerminationLps Function Started
2022-02-23T15:11:03.357+0530 INFO called updateAirTerminationLps function UserName : Inspector@gmail.com,BasicLpsId : 1,LpsAirDescId : null
2022-02-23T15:11:03.358+0530 INFO testUpdateAirTerminationLps Function Ended
2022-02-23T15:11:03.478+0530 INFO testUpdateBasicLpsDetails Function Started
2022-02-23T15:11:03.478+0530 INFO called updateBasicLpsDetails function UserName : LVsystem@gmail.com,BasicLpsId : 1
2022-02-23T15:11:03.479+0530 INFO testUpdateBasicLpsDetails Function Ended
2022-02-23T15:11:03.487+0530 INFO testAddBasicLpsDetails Function Started
2022-02-23T15:11:03.487+0530 INFO called addBasicLpsDetails function UserName : LVsystem@gmail.com
2022-02-23T15:11:03.493+0530 INFO called retrieveBasicLpsDetails function UserName: LVsystem@gmail.com, basicLpsId : 12
2022-02-23T15:11:03.493+0530 INFO testRetrieveBasicLpsDetails Function Ended
2022-02-23T15:11:03.548+0530 INFO testRetrieveDownConductor Function Started
2022-02-23T15:11:03.549+0530 INFO started retrieveDownConductor function UserName : LVsystem@gmail.com, SiteId : 12
2022-02-23T15:11:03.550+0530 INFO testRetrieveDownConductor Function Ended
2022-02-23T15:11:03.556+0530 INFO testUpdateDownConductor Function Started
2022-02-23T15:11:03.557+0530 INFO called updateDownConductor function UserName : Inspector@gmail.com,BasicLpsId : 1,DownConductorDescId : null
2022-02-23T15:11:03.557+0530 INFO testUpdateDownConductor Function Ended
2022-02-23T15:11:03.566+0530 INFO testAddDownConductorsDetails Function Started
2022-02-23T15:11:03.567+0530 INFO called addDownConductors function UserName : Inspector@gmail.com, SiteId : 1
2022-02-23T15:11:03.568+0530 INFO testAddDownConductorsDetails Function Ended
2022-02-23T15:11:03.619+0530 INFO testRetrieveEarthingLpsDetails Function Started
2022-02-23T15:11:03.620+0530 INFO started retrieveEarthingLps function UserName : LVsystem@gmail.com, BasicLpsId : 12
2022-02-23T15:11:03.620+0530 INFO testRetrieveEarthingLpsDetails Function Ended
2022-02-23T15:11:03.628+0530 INFO testAddEarthingLpsDetails Function Started
2022-02-23T15:11:03.629+0530 INFO called addEarthingLps function UserName : Inspector@gmail.com, BasicLpsId : 1
2022-02-23T15:11:03.629+0530 INFO testAddEarthingLpsDetails Function Ended
2022-02-23T15:11:03.636+0530 INFO testUpdateEarthingLpsDetails Function Started
2022-02-23T15:11:03.637+0530 INFO called updateEarthingLps function UserName : Inspector@gmail.com,BasicLpsId : 1,EarthingLpsDescId : null
2022-02-23T15:11:03.637+0530 INFO testUpdateEarthingLpsDetails Function Ended
2022-02-23T15:11:03.715+0530 INFO testAddEarthStudDetails Function Started
2022-02-23T15:11:03.717+0530 INFO called addEarthStud function UserName : Inspector@gmail.com, BasicLpsId : 1
2022-02-23T15:11:03.718+0530 INFO testAddEarthStudDetails Function Ended
2022-02-23T15:11:03.735+0530 INFO testRetrieveEarthStudDetails Function Started
2022-02-23T15:11:03.736+0530 INFO started retrieveEarthStud function UserName : LVsystem@gmail.com, BasicLpsId : 12
2022-02-23T15:11:03.737+0530 INFO testRetrieveEarthStudDetails Function Ended
2022-02-23T15:11:03.745+0530 INFO testUpdateEarthStud Function Started
2022-02-23T15:11:03.745+0530 INFO called updateEarthStud function UserName : Inspector@gmail.com,BasicLpsId : 1,SeperationDistanceDescId : null
2022-02-23T15:11:03.746+0530 INFO testUpdateEarthStud Function Ended
2022-02-23T15:11:03.845+0530 INFO testAddSeperationDistance Function Started
2022-02-23T15:11:03.847+0530 INFO called addSeperationDistance function UserName : Inspector@gmail.com, BasicLpsId : 1
2022-02-23T15:11:03.848+0530 INFO testAddSeperationDistance Function Ended
2022-02-23T15:11:03.867+0530 INFO testRetrieveSPDDetails Function Started
2022-02-23T15:11:03.868+0530 INFO started retrieveSeperationDistance function UserName : LVsystem@gmail.com, SiteId : 12
2022-02-23T15:11:03.868+0530 INFO testRetrieveSPDDetails Function Ended
2022-02-23T15:11:03.880+0530 INFO testUpdateSeperationDetails Function Started
2022-02-23T15:11:03.881+0530 INFO called updateSeperationDistance function UserName : Inspector@gmail.com,BasicLpsId : 1,SeperationDistanceDescId : null
2022-02-23T15:11:03.884+0530 INFO testUpdateSeperationDetails Function Ended
2022-02-23T15:11:03.952+0530 INFO testUpdateSPD Function Started
2022-02-23T15:11:03.953+0530 INFO called updateEarthingLps function UserName : Inspector@gmail.com,BasicLpsId : 1,SpdId : null
2022-02-23T15:11:03.953+0530 INFO testUpdateSPD Function Ended
2022-02-23T15:11:03.961+0530 INFO testAddSPDDetails Function Started
2022-02-23T15:11:03.962+0530 INFO called addSPDDetails function UserName : Inspector@gmail.com, BasicLpsId : 1
2022-02-23T15:11:03.962+0530 INFO testAddSPDDetails Function Ended
2022-02-23T15:11:03.978+0530 INFO testRetrieveSPDDetails Function Started
2022-02-23T15:11:03.979+0530 INFO started retrieveSPDDetails function UserName : LVsystem@gmail.com, BasicLpsId : 12
2022-02-23T15:11:03.980+0530 INFO testRetrieveSPDDetails Function Ended
2022-02-23T15:11:04.707+0530 INFO Starting LpsInspectionApplicationTests using Java 1.8.0_271 on DESKTOP-PUJTA74 with PID 21228 (started by capeelectricsoftware in C:\Users\gopa0\sathish\backend\Cape-Electric-LPS-BackEnd)
2022-02-23T15:11:04.708+0530 DEBUG Running with Spring Boot v2.5.5, Spring v5.3.10
2022-02-23T15:11:04.708+0530 INFO The following profiles are active: dev
2022-02-23T15:11:14.347+0530 INFO Started LpsInspectionApplicationTests in 9.983 seconds (JVM running for 13.818)
2022-02-23T15:11:14.552+0530 INFO SuccessFlow of Retrieve  AirTerminationLps Obeject
2022-02-23T15:11:14.552+0530 INFO Invalid Input flow
2022-02-23T15:11:14.554+0530 INFO Given UserName & Id doesn't exist in Air Termination LPS Details
2022-02-23T15:11:14.609+0530 DEBUG Basic Client Repo data available
2022-02-23T15:11:14.610+0530 INFO BasicLpsId already Present_flow
2022-02-23T15:11:14.611+0530 DEBUG Basic Client Repo data available
2022-02-23T15:11:14.618+0530 INFO SuccessFlow of Retrieve LpsBasic Obeject
2022-02-23T15:11:14.619+0530 INFO Invalid Input flow
2022-02-23T15:11:14.620+0530 INFO Invalid Input flow
2022-02-23T15:11:14.666+0530 INFO SuccessFlow of Retrieve DownConductorDetails
2022-02-23T15:11:14.666+0530 INFO Invalid Input flow
2022-02-23T15:11:14.674+0530 INFO Invalid Present_flow
