2022-02-01T12:21:02.337+0530 DEBUG 27 mappings in 'requestMappingHandlerMapping'
2022-02-01T12:21:02.645+0530 DEBUG Patterns [/webjars/**, /**] in 'resourceHandlerMapping'
2022-02-01T12:21:02.830+0530 DEBUG ControllerAdvice beans: 0 @ModelAttribute, 0 @InitBinder, 1 RequestBodyAdvice, 1 ResponseBodyAdvice
2022-02-01T12:21:02.950+0530 DEBUG ControllerAdvice beans: 1 @ExceptionHandler, 1 ResponseBodyAdvice
2022-02-04T16:27:14.084+0530 DEBUG Refreshing org.springframework.web.context.support.GenericWebApplicationContext@5f83de4e
2022-02-04T16:27:23.592+0530 DEBUG 28 mappings in 'requestMappingHandlerMapping'
2022-02-04T16:27:23.869+0530 DEBUG Patterns [/webjars/**, /**] in 'resourceHandlerMapping'
2022-02-04T16:27:24.250+0530 DEBUG ControllerAdvice beans: 0 @ModelAttribute, 0 @InitBinder, 1 RequestBodyAdvice, 1 ResponseBodyAdvice
2022-02-04T16:27:24.390+0530 DEBUG ControllerAdvice beans: 1 @ExceptionHandler, 1 ResponseBodyAdvice
2022-02-04T16:27:25.870+0530 DEBUG Closing org.springframework.web.context.support.GenericWebApplicationContext@5f83de4e, started on Fri Feb 04 16:27:14 IST 2022
2022-02-04T17:09:25.359+0530 DEBUG Refreshing org.springframework.web.context.support.GenericWebApplicationContext@5f83de4e
2022-02-04T17:09:34.115+0530 DEBUG 28 mappings in 'requestMappingHandlerMapping'
2022-02-04T17:09:34.411+0530 DEBUG Patterns [/webjars/**, /**] in 'resourceHandlerMapping'
2022-02-04T17:09:34.846+0530 DEBUG ControllerAdvice beans: 0 @ModelAttribute, 0 @InitBinder, 1 RequestBodyAdvice, 1 ResponseBodyAdvice
2022-02-04T17:09:34.931+0530 DEBUG ControllerAdvice beans: 1 @ExceptionHandler, 1 ResponseBodyAdvice
2022-02-04T17:09:35.947+0530 DEBUG Closing org.springframework.web.context.support.GenericWebApplicationContext@5f83de4e, started on Fri Feb 04 17:09:25 IST 2022
2022-02-07T19:30:39.637+0530 DEBUG 28 mappings in 'requestMappingHandlerMapping'
2022-02-07T19:30:39.741+0530 DEBUG Patterns [/webjars/**, /**] in 'resourceHandlerMapping'
2022-02-07T19:30:39.826+0530 DEBUG ControllerAdvice beans: 0 @ModelAttribute, 0 @InitBinder, 1 RequestBodyAdvice, 1 ResponseBodyAdvice
2022-02-07T19:30:39.881+0530 DEBUG ControllerAdvice beans: 1 @ExceptionHandler, 1 ResponseBodyAdvice
2022-02-07T20:02:04.239+0530 INFO Initializing Servlet 'dispatcherServlet'
2022-02-07T20:02:04.253+0530 DEBUG Detected StandardServletMultipartResolver
2022-02-07T20:02:04.256+0530 DEBUG Detected AcceptHeaderLocaleResolver
2022-02-07T20:02:04.257+0530 DEBUG Detected FixedThemeResolver
2022-02-07T20:02:04.338+0530 DEBUG Detected org.springframework.web.servlet.view.DefaultRequestToViewNameTranslator@59e56ffe
2022-02-07T20:02:04.339+0530 DEBUG Detected org.springframework.web.servlet.support.SessionFlashMapManager@3da6860b
2022-02-07T20:02:04.339+0530 DEBUG enableLoggingRequestDetails='false': request parameters and headers will be masked to prevent unsafe logging of potentially sensitive data
2022-02-07T20:02:04.339+0530 INFO Completed initialization in 94 ms
2022-02-07T20:02:04.457+0530 DEBUG Mapped to com.capeelectric.controller.FinalReportController#retrieveListOfBasicLps(String)
2022-02-07T20:02:04.457+0530 DEBUG Mapped to com.capeelectric.controller.FinalReportController#retrieveListOfBasicLps(String)
2022-02-07T20:02:04.548+0530 DEBUG Mapped to com.capeelectric.controller.FinalReportController#retrieveListOfBasicLps(String)
2022-02-07T20:02:05.023+0530 DEBUG Mapped to com.capeelectric.controller.FinalReportController#retrieveListOfBasicLps(String)
2022-02-07T20:03:30.891+0530 DEBUG Mapped to com.capeelectric.controller.BasicLpsController#addBasicLpsDetails(BasicLps)
2022-02-07T20:03:30.918+0530 DEBUG Mapped to com.capeelectric.controller.BasicLpsController#addBasicLpsDetails(BasicLps)
2022-02-11T19:12:04.671+0530 DEBUG 28 mappings in 'requestMappingHandlerMapping'
2022-02-11T19:12:04.781+0530 DEBUG Patterns [/webjars/**, /**] in 'resourceHandlerMapping'
2022-02-11T19:12:04.897+0530 DEBUG ControllerAdvice beans: 0 @ModelAttribute, 0 @InitBinder, 1 RequestBodyAdvice, 1 ResponseBodyAdvice
2022-02-11T19:12:04.961+0530 DEBUG ControllerAdvice beans: 1 @ExceptionHandler, 1 ResponseBodyAdvice
2022-02-23T13:12:43.516+0530 DEBUG Refreshing org.springframework.web.context.support.GenericWebApplicationContext@6ed238c2
2022-02-23T13:13:16.436+0530 DEBUG Refreshing org.springframework.web.context.support.GenericWebApplicationContext@5f83de4e
2022-02-23T13:13:26.453+0530 DEBUG 28 mappings in 'requestMappingHandlerMapping'
2022-02-23T13:13:26.885+0530 DEBUG Patterns [/webjars/**, /**] in 'resourceHandlerMapping'
2022-02-23T13:13:27.336+0530 DEBUG ControllerAdvice beans: 0 @ModelAttribute, 0 @InitBinder, 1 RequestBodyAdvice, 1 ResponseBodyAdvice
2022-02-23T13:13:27.456+0530 DEBUG ControllerAdvice beans: 1 @ExceptionHandler, 1 ResponseBodyAdvice
2022-02-23T13:13:28.688+0530 DEBUG Closing org.springframework.web.context.support.GenericWebApplicationContext@5f83de4e, started on Wed Feb 23 13:13:16 IST 2022
2022-02-23T13:14:34.693+0530 DEBUG Refreshing org.springframework.web.context.support.GenericWebApplicationContext@5f83de4e
2022-02-23T13:14:45.965+0530 DEBUG 28 mappings in 'requestMappingHandlerMapping'
2022-02-23T13:14:46.247+0530 DEBUG Patterns [/webjars/**, /**] in 'resourceHandlerMapping'
2022-02-23T13:14:46.696+0530 DEBUG ControllerAdvice beans: 0 @ModelAttribute, 0 @InitBinder, 1 RequestBodyAdvice, 1 ResponseBodyAdvice
2022-02-23T13:14:46.820+0530 DEBUG ControllerAdvice beans: 1 @ExceptionHandler, 1 ResponseBodyAdvice
2022-02-23T13:14:47.992+0530 DEBUG Closing org.springframework.web.context.support.GenericWebApplicationContext@5f83de4e, started on Wed Feb 23 13:14:34 IST 2022
2022-02-23T14:03:58.561+0530 DEBUG Refreshing org.springframework.web.context.support.GenericWebApplicationContext@2f7c96b1
2022-02-23T14:04:07.199+0530 DEBUG 28 mappings in 'requestMappingHandlerMapping'
2022-02-23T14:04:07.493+0530 DEBUG Patterns [/webjars/**, /**] in 'resourceHandlerMapping'
2022-02-23T14:04:08.827+0530 DEBUG ControllerAdvice beans: 0 @ModelAttribute, 0 @InitBinder, 1 RequestBodyAdvice, 1 ResponseBodyAdvice
2022-02-23T14:04:08.946+0530 DEBUG ControllerAdvice beans: 1 @ExceptionHandler, 1 ResponseBodyAdvice
2022-02-23T14:04:09.946+0530 DEBUG Closing org.springframework.web.context.support.GenericWebApplicationContext@2f7c96b1, started on Wed Feb 23 14:03:58 IST 2022
2022-02-23T14:04:35.259+0530 DEBUG Refreshing org.springframework.web.context.support.GenericWebApplicationContext@2f7c96b1
2022-02-23T14:04:44.483+0530 DEBUG 28 mappings in 'requestMappingHandlerMapping'
2022-02-23T14:04:44.823+0530 DEBUG Patterns [/webjars/**, /**] in 'resourceHandlerMapping'
2022-02-23T14:04:45.362+0530 DEBUG ControllerAdvice beans: 0 @ModelAttribute, 0 @InitBinder, 1 RequestBodyAdvice, 1 ResponseBodyAdvice
2022-02-23T14:04:45.479+0530 DEBUG ControllerAdvice beans: 1 @ExceptionHandler, 1 ResponseBodyAdvice
2022-02-23T14:04:46.831+0530 DEBUG Closing org.springframework.web.context.support.GenericWebApplicationContext@2f7c96b1, started on Wed Feb 23 14:04:35 IST 2022
2022-02-23T15:07:25.205+0530 DEBUG Refreshing org.springframework.web.context.support.GenericWebApplicationContext@2f7c96b1
2022-02-23T15:07:30.253+0530 WARN Exception encountered during context initialization - cancelling refresh attempt: org.springframework.beans.factory.BeanCreationException: Error creating bean with name 'otpConfig': Injection of autowired dependencies failed; nested exception is java.lang.IllegalArgumentException: Could not resolve placeholder 'sms.otp.send' in value "${sms.otp.send}"
2022-02-23T15:07:30.387+0530 DEBUG Refreshing org.springframework.web.context.support.GenericWebApplicationContext@a6e77c9
2022-02-23T15:07:31.388+0530 WARN Exception encountered during context initialization - cancelling refresh attempt: org.springframework.beans.factory.BeanCreationException: Error creating bean with name 'otpConfig': Injection of autowired dependencies failed; nested exception is java.lang.IllegalArgumentException: Could not resolve placeholder 'sms.otp.send' in value "${sms.otp.send}"
2022-02-23T15:08:38.368+0530 DEBUG Refreshing org.springframework.web.context.support.GenericWebApplicationContext@2f7c96b1
2022-02-23T15:08:45.165+0530 DEBUG 28 mappings in 'requestMappingHandlerMapping'
2022-02-23T15:08:45.454+0530 DEBUG Patterns [/webjars/**, /**] in 'resourceHandlerMapping'
2022-02-23T15:08:45.731+0530 DEBUG ControllerAdvice beans: 0 @ModelAttribute, 0 @InitBinder, 1 RequestBodyAdvice, 1 ResponseBodyAdvice
2022-02-23T15:08:45.813+0530 DEBUG ControllerAdvice beans: 1 @ExceptionHandler, 1 ResponseBodyAdvice
2022-02-23T15:08:46.588+0530 DEBUG Closing org.springframework.web.context.support.GenericWebApplicationContext@2f7c96b1, started on Wed Feb 23 15:08:38 IST 2022
2022-02-23T15:09:11.991+0530 DEBUG Refreshing org.springframework.web.context.support.GenericWebApplicationContext@2f7c96b1
2022-02-23T15:09:21.835+0530 DEBUG 28 mappings in 'requestMappingHandlerMapping'
2022-02-23T15:09:22.303+0530 DEBUG Patterns [/webjars/**, /**] in 'resourceHandlerMapping'
2022-02-23T15:09:22.989+0530 DEBUG ControllerAdvice beans: 0 @ModelAttribute, 0 @InitBinder, 1 RequestBodyAdvice, 1 ResponseBodyAdvice
2022-02-23T15:09:23.148+0530 DEBUG ControllerAdvice beans: 1 @ExceptionHandler, 1 ResponseBodyAdvice
2022-02-23T15:09:24.528+0530 DEBUG Closing org.springframework.web.context.support.GenericWebApplicationContext@2f7c96b1, started on Wed Feb 23 15:09:11 IST 2022
2022-02-23T15:09:59.183+0530 DEBUG Refreshing org.springframework.web.context.support.GenericWebApplicationContext@5f83de4e
2022-02-23T15:10:09.011+0530 DEBUG 28 mappings in 'requestMappingHandlerMapping'
2022-02-23T15:10:09.516+0530 DEBUG Patterns [/webjars/**, /**] in 'resourceHandlerMapping'
2022-02-23T15:10:10.255+0530 DEBUG ControllerAdvice beans: 0 @ModelAttribute, 0 @InitBinder, 1 RequestBodyAdvice, 1 ResponseBodyAdvice
2022-02-23T15:10:10.410+0530 DEBUG ControllerAdvice beans: 1 @ExceptionHandler, 1 ResponseBodyAdvice
2022-02-23T15:10:12.182+0530 DEBUG Closing org.springframework.web.context.support.GenericWebApplicationContext@5f83de4e, started on Wed Feb 23 15:09:59 IST 2022
2022-02-23T15:11:04.741+0530 DEBUG Refreshing org.springframework.web.context.support.GenericWebApplicationContext@5f83de4e
2022-02-23T15:11:13.470+0530 DEBUG 28 mappings in 'requestMappingHandlerMapping'
2022-02-23T15:11:13.675+0530 DEBUG Patterns [/webjars/**, /**] in 'resourceHandlerMapping'
2022-02-23T15:11:14.059+0530 DEBUG ControllerAdvice beans: 0 @ModelAttribute, 0 @InitBinder, 1 RequestBodyAdvice, 1 ResponseBodyAdvice
2022-02-23T15:11:14.162+0530 DEBUG ControllerAdvice beans: 1 @ExceptionHandler, 1 ResponseBodyAdvice
2022-02-23T15:11:15.312+0530 DEBUG Closing org.springframework.web.context.support.GenericWebApplicationContext@5f83de4e, started on Wed Feb 23 15:11:04 IST 2022
